#
# A fatal error has been detected by the Java Runtime Environment:
#
#  SIGSEGV (0xb) at pc=0x00007f5be87c4610, pid=26014, tid=26022
#
# JRE version: OpenJDK Runtime Environment (11.0.13+8) (build 11.0.13+8-Ubuntu-0ubuntu1.18.04)
# Java VM: OpenJDK 64-Bit Server VM (11.0.13+8-Ubuntu-0ubuntu1.18.04, mixed mode, sharing, tiered, compressed oops, g1 gc, linux-amd64)
# Problematic frame:
# V  [libjvm.so+0x5e8610]
#
# Core dump will be written. Default location: Core dumps may be processed with "/usr/share/apport/apport %p %s %c %d %P %E" (or dumping to /home/guilherme/eclipse-workspace/webdelivery/core.26014)
#
# If you would like to submit a bug report, please visit:
#   https://bugs.launchpad.net/ubuntu/+source/openjdk-lts
#

---------------  S U M M A R Y ------------

Command Line: -Dfile.encoding=UTF-8 com.example.webdelivery.DemoApplication

Host: Intel(R) Core(TM) i5-3210M CPU @ 2.50GHz, 4 cores, 7G, Ubuntu 18.04.5 LTS
Time: Fri Jan  7 14:02:51 2022 -03 elapsed time: 4.161752 seconds (0d 0h 0m 4s)

---------------  T H R E A D  ---------------

Current thread (0x00007f5be0064000):  ConcurrentGCThread "G1 Conc#0" [stack: 0x00007f5be51b1000,0x00007f5be52b1000] [id=26022]

Stack: [0x00007f5be51b1000,0x00007f5be52b1000],  sp=0x00007f5be52afd08,  free space=1019k
Native frames: (J=compiled Java code, A=aot compiled Java code, j=interpreted, Vv=VM code, C=native code)
V  [libjvm.so+0x5e8610]
V  [libjvm.so+0x73e2b1]
V  [libjvm.so+0xe4d00d]
V  [libjvm.so+0xdbe7b9]
V  [libjvm.so+0xb8429e]


siginfo: si_signo: 11 (SIGSEGV), si_code: 1 (SEGV_MAPERR), si_addr: 0x0000000c6a7a40c8

Register to memory mapping:

RAX=0x00007f5be95b2810: <offset 0x00000000013d6810> in /usr/lib/jvm/java-11-openjdk-amd64/lib/server/libjvm.so at 0x00007f5be81dc000
RBX=0x0000000085a1f358 is pointing into object: [Ljava.lang.invoke.BoundMethodHandle$SpeciesData; 
{0x0000000085a1f350} - klass: 'java/lang/invoke/BoundMethodHandle$SpeciesData'[]
 - length: 5
RCX=0x0000000000000003 is an unknown value
RDX=0x4000880000000000 is an unknown value
RSP=0x00007f5be52afd08 points into unknown readable memory: 0x00007f5be891b1db | db b1 91 e8 5b 7f 00 00
RBP=0x00007f5be52afd60 points into unknown readable memory: 0x00007f5be52afe00 | 00 fe 2a e5 5b 7f 00 00
RSI=0x0000000c6a7a40c0 is an unknown value
RDI=0x0000000085a1f358 is pointing into object: [Ljava.lang.invoke.BoundMethodHandle$SpeciesData; 
{0x0000000085a1f350} - klass: 'java/lang/invoke/BoundMethodHandle$SpeciesData'[]
 - length: 5
R8 =0x000000008d367a08 is an oop: [Ljava.lang.invoke.LambdaForm$Name; 
{0x000000008d367a08} - klass: 'java/lang/invoke/LambdaForm$Name'[]
 - length: 21
R9 =0x0000000000000040 is an unknown value
R10=0x0 is NULL
R11=0x000000008d367960 points into unknown readable memory: 0x00000008400ae840 | 40 e8 0a 40 08 00 00 00
R12=0x000000008d3679fc points into unknown readable memory: 58 f3 a1 85
R13=0x00007f5be52afda0 points into unknown readable memory: 0x00007f5be94d9588 | 88 95 4d e9 5b 7f 00 00
R14=0x000000080038fad0 is pointing into metadata
R15=0x00007f5be00596a0 points into unknown readable memory: 0x00007f5be0062000 | 00 20 06 e0 5b 7f 00 00


Registers:
RAX=0x00007f5be95b2810, RBX=0x0000000085a1f358, RCX=0x0000000000000003, RDX=0x4000880000000000
RSP=0x00007f5be52afd08, RBP=0x00007f5be52afd60, RSI=0x0000000c6a7a40c0, RDI=0x0000000085a1f358
R8 =0x000000008d367a08, R9 =0x0000000000000040, R10=0x0000000000000000, R11=0x000000008d367960
R12=0x000000008d3679fc, R13=0x00007f5be52afda0, R14=0x000000080038fad0, R15=0x00007f5be00596a0
RIP=0x00007f5be87c4610, EFLAGS=0x0000000000010206, CSGSFS=0x002b000000000033, ERR=0x0000000000000004
  TRAPNO=0x000000000000000e

Top of Stack: (sp=0x00007f5be52afd08)
0x00007f5be52afd08:   00007f5be891b1db 000000008d3679d8
0x00007f5be52afd18:   000000080038fad8 00000000e00596a0
0x00007f5be52afd28:   000000008d367a08 00007f5be52afd60
0x00007f5be52afd38:   000000008d400000 00007f5be53b1bf0 

Instructions: (pc=0x00007f5be87c4610)
0x00007f5be87c4510:   c4 00 00 00 4f 8d 04 f4 48 01 ca 48 8d 04 d0 8b
0x00007f5be87c4520:   93 30 01 00 00 48 8d 0c d0 48 39 c8 73 61 66 90
0x00007f5be87c4530:   48 63 18 8b 50 04 4c 01 eb 48 8d 14 93 4c 39 e3
0x00007f5be87c4540:   49 0f 42 dc 4c 39 c2 49 0f 47 d0 48 39 d3 73 36
0x00007f5be87c4550:   4d 8b 17 48 89 55 a8 48 89 de 4c 89 ff 48 89 45
0x00007f5be87c4560:   b0 48 83 c3 04 4c 89 45 b8 48 89 4d c0 41 ff 52
0x00007f5be87c4570:   08 48 8b 55 a8 48 8b 4d c0 4c 8b 45 b8 48 8b 45
0x00007f5be87c4580:   b0 48 39 d3 72 ca 48 83 c0 08 48 39 c1 77 a1 49
0x00007f5be87c4590:   8b 07 4c 89 ff ff 50 18 84 c0 74 06 80 7d cf 00
0x00007f5be87c45a0:   75 16 48 83 c4 38 5b 41 5c 41 5d 41 5e 41 5f 5d
0x00007f5be87c45b0:   c3 0f 1f 80 00 00 00 00 4b 8d 04 f4 49 39 c5 73
0x00007f5be87c45c0:   e1 4c 89 ef e8 f7 52 25 00 48 85 c0 74 d4 49 8b
0x00007f5be87c45d0:   17 4c 89 ff 48 89 c6 48 8b 52 28 48 83 c4 38 5b
0x00007f5be87c45e0:   41 5c 41 5d 41 5e 41 5f 5d ff e2 0f 1f 44 00 00
0x00007f5be87c45f0:   4b 8d 04 f4 49 39 c5 0f 83 01 ff ff ff 49 8b 07
0x00007f5be87c4600:   48 89 de 4c 89 ff ff 50 20 e9 f0 fe ff ff 66 90
0x00007f5be87c4610:   8b 46 08 48 89 f2 85 c0 7e 36 a8 01 75 0a c1 f8
0x00007f5be87c4620:   03 c3 66 0f 1f 44 00 00 48 8b 0e 48 8d 35 4e 29
0x00007f5be87c4630:   f5 ff 48 8b 89 10 01 00 00 48 39 f1 74 e0 48 89
0x00007f5be87c4640:   fe 48 89 d7 ff e1 66 2e 0f 1f 84 00 00 00 00 00
0x00007f5be87c4650:   75 1e 48 8b 0e 48 8d 35 24 29 f5 ff 48 8b 89 10
0x00007f5be87c4660:   01 00 00 48 39 f1 75 d6 c3 0f 1f 80 00 00 00 00
0x00007f5be87c4670:   48 8d 15 f5 b1 e1 00 b9 0c 00 00 00 80 3a 00 ba
0x00007f5be87c4680:   10 00 00 00 48 0f 45 d1 48 8d 0d 1d 1e dd 00 48
0x00007f5be87c4690:   63 14 17 8b 31 89 c1 c1 f8 10 0f b6 c0 48 d3 e2
0x00007f5be87c46a0:   8d 4e ff f7 de 48 63 c9 48 01 c8 48 01 d0 48 63
0x00007f5be87c46b0:   d6 48 21 d0 48 c1 e8 03 c3 0f 1f 80 00 00 00 00
0x00007f5be87c46c0:   48 8d 05 a5 b1 e1 00 80 38 00 74 1c 48 8d 05 3d
0x00007f5be87c46d0:   e1 de 00 8b 77 08 8b 48 08 48 d3 e6 48 03 30 e9
0x00007f5be87c46e0:   2c ff ff ff 0f 1f 40 00 48 8b 77 08 e9 1f ff ff
0x00007f5be87c46f0:   ff 66 2e 0f 1f 84 00 00 00 00 00 0f 1f 44 00 00
0x00007f5be87c4700:   55 48 89 e5 53 48 89 d3 48 83 ec 08 48 8b 47 20 


Stack slot to memory mapping:
stack at sp + 0 slots: 0x00007f5be891b1db: <offset 0x000000000073f1db> in /usr/lib/jvm/java-11-openjdk-amd64/lib/server/libjvm.so at 0x00007f5be81dc000
stack at sp + 1 slots: 0x000000008d3679d8 points into unknown readable memory: 0x0000000000000025 | 25 00 00 00 00 00 00 00
stack at sp + 2 slots: 0x000000080038fad8 is pointing into metadata
stack at sp + 3 slots: 
[error occurred during error reporting (inspecting top of stack), id 0xb, SIGSEGV (0xb) at pc=0x00007f5be89012a7]


---------------  P R O C E S S  ---------------

Threads class SMR info:
_java_thread_list=0x00007f5b7024ee50, length=10, elements={
0x00007f5be0019000, 0x00007f5be0112000, 0x00007f5be0114000, 0x00007f5be0119800,
0x00007f5be011b800, 0x00007f5be011d800, 0x00007f5be011f800, 0x00007f5be0122000,
0x00007f5be0165000, 0x00007f5b94202800
}

Java Threads: ( => current thread )
  0x00007f5be0019000 JavaThread "main" [_thread_in_Java, id=26019, stack(0x00007f5bea36d000,0x00007f5bea46e000)]
  0x00007f5be0112000 JavaThread "Reference Handler" daemon [_thread_blocked, id=26026, stack(0x00007f5be40c8000,0x00007f5be41c9000)]
  0x00007f5be0114000 JavaThread "Finalizer" daemon [_thread_blocked, id=26027, stack(0x00007f5bc8752000,0x00007f5bc8853000)]
  0x00007f5be0119800 JavaThread "Signal Dispatcher" daemon [_thread_blocked, id=26028, stack(0x00007f5bc8371000,0x00007f5bc8472000)]
  0x00007f5be011b800 JavaThread "Service Thread" daemon [_thread_blocked, id=26029, stack(0x00007f5bc8270000,0x00007f5bc8371000)]
  0x00007f5be011d800 JavaThread "C2 CompilerThread0" daemon [_thread_in_native, id=26030, stack(0x00007f5bc816f000,0x00007f5bc8270000)]
  0x00007f5be011f800 JavaThread "C1 CompilerThread0" daemon [_thread_blocked, id=26031, stack(0x00007f5bc806e000,0x00007f5bc816f000)]
  0x00007f5be0122000 JavaThread "Sweeper thread" daemon [_thread_blocked, id=26032, stack(0x00007f5bc01bf000,0x00007f5bc02c0000)]
  0x00007f5be0165000 JavaThread "Common-Cleaner" daemon [_thread_blocked, id=26034, stack(0x00007f5bb9eff000,0x00007f5bba000000)]
  0x00007f5b94202800 JavaThread "C2 CompilerThread1" daemon [_thread_in_native, id=26035, stack(0x00007f5bb99d6000,0x00007f5bb9ad7000)]

Other Threads:
  0x00007f5be010f000 VMThread "VM Thread" [stack: 0x00007f5be41cb000,0x00007f5be42cb000] [id=26025]
  0x00007f5be0162800 WatcherThread [stack: 0x00007f5bc00bf000,0x00007f5bc01bf000] [id=26033]
  0x00007f5be0031000 GCTaskThread "GC Thread#0" [stack: 0x00007f5be6335000,0x00007f5be6435000] [id=26020]
  0x00007f5bac001000 GCTaskThread "GC Thread#1" [stack: 0x00007f5bb98d6000,0x00007f5bb99d6000] [id=26036]
  0x00007f5bac002800 GCTaskThread "GC Thread#2" [stack: 0x00007f5bb97d4000,0x00007f5bb98d4000] [id=26037]
  0x00007f5bac005800 GCTaskThread "GC Thread#3" [stack: 0x00007f5bb88e1000,0x00007f5bb89e1000] [id=26039]
  0x00007f5be0062000 ConcurrentGCThread "G1 Main Marker" [stack: 0x00007f5be52b3000,0x00007f5be53b3000] [id=26021]
=>0x00007f5be0064000 ConcurrentGCThread "G1 Conc#0" [stack: 0x00007f5be51b1000,0x00007f5be52b1000] [id=26022]
  0x00007f5be00dc000 ConcurrentGCThread "G1 Refine#0" [stack: 0x00007f5be4cab000,0x00007f5be4dab000] [id=26023]
  0x00007f5be00de000 ConcurrentGCThread "G1 Young RemSet Sampling" [stack: 0x00007f5be4ba9000,0x00007f5be4ca9000] [id=26024]

Threads with active compile tasks:
C2 CompilerThread0   4169 2854       4       org.springframework.beans.factory.support.AbstractBeanFactory::isTypeMatch (607 bytes)
C2 CompilerThread1   4169 2938       4       org.springframework.beans.factory.support.AbstractBeanFactory::transformedBeanName (9 bytes)

VM state:not at safepoint (normal execution)

VM Mutex/Monitor currently owned by a thread: None

Heap address: 0x0000000085800000, size: 1960 MB, Compressed Oops mode: 32-bit
Narrow klass base: 0x0000000800000000, Narrow klass shift: 3
Compressed class space size: 1073741824 Address: 0x0000000840000000

Heap:
 garbage-first heap   total 181248K, used 12298K [0x0000000085800000, 0x0000000100000000)
  region size 1024K, 7 young (7168K), 6 survivors (6144K)
 Metaspace       used 20212K, capacity 21003K, committed 21376K, reserved 1067008K
  class space    used 2488K, capacity 2819K, committed 2944K, reserved 1048576K
Heap Regions: E=young(eden), S=young(survivor), O=old, HS=humongous(starts), HC=humongous(continues), CS=collection set, F=free, A=archive, TAMS=top-at-mark-start (previous, next)
|   0|0x0000000085800000, 0x0000000085900000, 0x0000000085900000|100%|HS|  |TAMS 0x0000000085800000, 0x0000000085900000| Complete 
|   1|0x0000000085900000, 0x0000000085a00000, 0x0000000085a00000|100%| O|  |TAMS 0x0000000085900000, 0x0000000085a00000| Untracked 
|   2|0x0000000085a00000, 0x0000000085b00000, 0x0000000085b00000|100%| O|  |TAMS 0x0000000085a00000, 0x0000000085b00000| Untracked 
|   3|0x0000000085b00000, 0x0000000085c00000, 0x0000000085c00000|100%| O|  |TAMS 0x0000000085b00000, 0x0000000085c00000| Untracked 
|   4|0x0000000085c00000, 0x0000000085d00000, 0x0000000085d00000|100%| O|  |TAMS 0x0000000085c00000, 0x0000000085d00000| Untracked 
|   5|0x0000000085d00000, 0x0000000085d50800, 0x0000000085e00000| 31%| O|  |TAMS 0x0000000085d00000, 0x0000000085d50800| Untracked 
|   6|0x0000000085e00000, 0x0000000085e00000, 0x0000000085f00000|  0%| F|  |TAMS 0x0000000085e00000, 0x0000000085e00000| Untracked 
|   7|0x0000000085f00000, 0x0000000085f00000, 0x0000000086000000|  0%| F|  |TAMS 0x0000000085f00000, 0x0000000085f00000| Untracked 
|   8|0x0000000086000000, 0x0000000086000000, 0x0000000086100000|  0%| F|  |TAMS 0x0000000086000000, 0x0000000086000000| Untracked 
|   9|0x0000000086100000, 0x0000000086100000, 0x0000000086200000|  0%| F|  |TAMS 0x0000000086100000, 0x0000000086100000| Untracked 
|  10|0x0000000086200000, 0x0000000086200000, 0x0000000086300000|  0%| F|  |TAMS 0x0000000086200000, 0x0000000086200000| Untracked 
|  11|0x0000000086300000, 0x0000000086300000, 0x0000000086400000|  0%| F|  |TAMS 0x0000000086300000, 0x0000000086300000| Untracked 
|  12|0x0000000086400000, 0x0000000086400000, 0x0000000086500000|  0%| F|  |TAMS 0x0000000086400000, 0x0000000086400000| Untracked 
|  13|0x0000000086500000, 0x0000000086500000, 0x0000000086600000|  0%| F|  |TAMS 0x0000000086500000, 0x0000000086500000| Untracked 
|  14|0x0000000086600000, 0x0000000086600000, 0x0000000086700000|  0%| F|  |TAMS 0x0000000086600000, 0x0000000086600000| Untracked 
|  15|0x0000000086700000, 0x0000000086700000, 0x0000000086800000|  0%| F|  |TAMS 0x0000000086700000, 0x0000000086700000| Untracked 
|  16|0x0000000086800000, 0x0000000086800000, 0x0000000086900000|  0%| F|  |TAMS 0x0000000086800000, 0x0000000086800000| Untracked 
|  17|0x0000000086900000, 0x0000000086900000, 0x0000000086a00000|  0%| F|  |TAMS 0x0000000086900000, 0x0000000086900000| Untracked 
|  18|0x0000000086a00000, 0x0000000086a00000, 0x0000000086b00000|  0%| F|  |TAMS 0x0000000086a00000, 0x0000000086a00000| Untracked 
|  19|0x0000000086b00000, 0x0000000086b00000, 0x0000000086c00000|  0%| F|  |TAMS 0x0000000086b00000, 0x0000000086b00000| Untracked 
|  20|0x0000000086c00000, 0x0000000086c00000, 0x0000000086d00000|  0%| F|  |TAMS 0x0000000086c00000, 0x0000000086c00000| Untracked 
|  21|0x0000000086d00000, 0x0000000086d00000, 0x0000000086e00000|  0%| F|  |TAMS 0x0000000086d00000, 0x0000000086d00000| Untracked 
|  22|0x0000000086e00000, 0x0000000086e00000, 0x0000000086f00000|  0%| F|  |TAMS 0x0000000086e00000, 0x0000000086e00000| Untracked 
|  23|0x0000000086f00000, 0x0000000086f00000, 0x0000000087000000|  0%| F|  |TAMS 0x0000000086f00000, 0x0000000086f00000| Untracked 
|  24|0x0000000087000000, 0x0000000087000000, 0x0000000087100000|  0%| F|  |TAMS 0x0000000087000000, 0x0000000087000000| Untracked 
|  25|0x0000000087100000, 0x0000000087100000, 0x0000000087200000|  0%| F|  |TAMS 0x0000000087100000, 0x0000000087100000| Untracked 
|  26|0x0000000087200000, 0x0000000087200000, 0x0000000087300000|  0%| F|  |TAMS 0x0000000087200000, 0x0000000087200000| Untracked 
|  27|0x0000000087300000, 0x0000000087300000, 0x0000000087400000|  0%| F|  |TAMS 0x0000000087300000, 0x0000000087300000| Untracked 
|  28|0x0000000087400000, 0x0000000087400000, 0x0000000087500000|  0%| F|  |TAMS 0x0000000087400000, 0x0000000087400000| Untracked 
|  29|0x0000000087500000, 0x0000000087500000, 0x0000000087600000|  0%| F|  |TAMS 0x0000000087500000, 0x0000000087500000| Untracked 
|  30|0x0000000087600000, 0x0000000087600000, 0x0000000087700000|  0%| F|  |TAMS 0x0000000087600000, 0x0000000087600000| Untracked 
|  31|0x0000000087700000, 0x0000000087700000, 0x0000000087800000|  0%| F|  |TAMS 0x0000000087700000, 0x0000000087700000| Untracked 
|  32|0x0000000087800000, 0x0000000087800000, 0x0000000087900000|  0%| F|  |TAMS 0x0000000087800000, 0x0000000087800000| Untracked 
|  33|0x0000000087900000, 0x0000000087900000, 0x0000000087a00000|  0%| F|  |TAMS 0x0000000087900000, 0x0000000087900000| Untracked 
|  34|0x0000000087a00000, 0x0000000087a00000, 0x0000000087b00000|  0%| F|  |TAMS 0x0000000087a00000, 0x0000000087a00000| Untracked 
|  35|0x0000000087b00000, 0x0000000087b00000, 0x0000000087c00000|  0%| F|  |TAMS 0x0000000087b00000, 0x0000000087b00000| Untracked 
|  36|0x0000000087c00000, 0x0000000087c00000, 0x0000000087d00000|  0%| F|  |TAMS 0x0000000087c00000, 0x0000000087c00000| Untracked 
|  37|0x0000000087d00000, 0x0000000087d00000, 0x0000000087e00000|  0%| F|  |TAMS 0x0000000087d00000, 0x0000000087d00000| Untracked 
|  38|0x0000000087e00000, 0x0000000087e00000, 0x0000000087f00000|  0%| F|  |TAMS 0x0000000087e00000, 0x0000000087e00000| Untracked 
|  39|0x0000000087f00000, 0x0000000087f00000, 0x0000000088000000|  0%| F|  |TAMS 0x0000000087f00000, 0x0000000087f00000| Untracked 
|  40|0x0000000088000000, 0x0000000088000000, 0x0000000088100000|  0%| F|  |TAMS 0x0000000088000000, 0x0000000088000000| Untracked 
|  41|0x0000000088100000, 0x0000000088100000, 0x0000000088200000|  0%| F|  |TAMS 0x0000000088100000, 0x0000000088100000| Untracked 
|  42|0x0000000088200000, 0x0000000088200000, 0x0000000088300000|  0%| F|  |TAMS 0x0000000088200000, 0x0000000088200000| Untracked 
|  43|0x0000000088300000, 0x0000000088300000, 0x0000000088400000|  0%| F|  |TAMS 0x0000000088300000, 0x0000000088300000| Untracked 
|  44|0x0000000088400000, 0x0000000088400000, 0x0000000088500000|  0%| F|  |TAMS 0x0000000088400000, 0x0000000088400000| Untracked 
|  45|0x0000000088500000, 0x0000000088500000, 0x0000000088600000|  0%| F|  |TAMS 0x0000000088500000, 0x0000000088500000| Untracked 
|  46|0x0000000088600000, 0x0000000088600000, 0x0000000088700000|  0%| F|  |TAMS 0x0000000088600000, 0x0000000088600000| Untracked 
|  47|0x0000000088700000, 0x0000000088700000, 0x0000000088800000|  0%| F|  |TAMS 0x0000000088700000, 0x0000000088700000| Untracked 
|  48|0x0000000088800000, 0x0000000088800000, 0x0000000088900000|  0%| F|  |TAMS 0x0000000088800000, 0x0000000088800000| Untracked 
|  49|0x0000000088900000, 0x0000000088900000, 0x0000000088a00000|  0%| F|  |TAMS 0x0000000088900000, 0x0000000088900000| Untracked 
|  50|0x0000000088a00000, 0x0000000088a00000, 0x0000000088b00000|  0%| F|  |TAMS 0x0000000088a00000, 0x0000000088a00000| Untracked 
|  51|0x0000000088b00000, 0x0000000088b00000, 0x0000000088c00000|  0%| F|  |TAMS 0x0000000088b00000, 0x0000000088b00000| Untracked 
|  52|0x0000000088c00000, 0x0000000088c00000, 0x0000000088d00000|  0%| F|  |TAMS 0x0000000088c00000, 0x0000000088c00000| Untracked 
|  53|0x0000000088d00000, 0x0000000088d00000, 0x0000000088e00000|  0%| F|  |TAMS 0x0000000088d00000, 0x0000000088d00000| Untracked 
|  54|0x0000000088e00000, 0x0000000088e00000, 0x0000000088f00000|  0%| F|  |TAMS 0x0000000088e00000, 0x0000000088e00000| Untracked 
|  55|0x0000000088f00000, 0x0000000088f00000, 0x0000000089000000|  0%| F|  |TAMS 0x0000000088f00000, 0x0000000088f00000| Untracked 
|  56|0x0000000089000000, 0x0000000089000000, 0x0000000089100000|  0%| F|  |TAMS 0x0000000089000000, 0x0000000089000000| Untracked 
|  57|0x0000000089100000, 0x0000000089100000, 0x0000000089200000|  0%| F|  |TAMS 0x0000000089100000, 0x0000000089100000| Untracked 
|  58|0x0000000089200000, 0x0000000089200000, 0x0000000089300000|  0%| F|  |TAMS 0x0000000089200000, 0x0000000089200000| Untracked 
|  59|0x0000000089300000, 0x0000000089300000, 0x0000000089400000|  0%| F|  |TAMS 0x0000000089300000, 0x0000000089300000| Untracked 
|  60|0x0000000089400000, 0x0000000089400000, 0x0000000089500000|  0%| F|  |TAMS 0x0000000089400000, 0x0000000089400000| Untracked 
|  61|0x0000000089500000, 0x0000000089500000, 0x0000000089600000|  0%| F|  |TAMS 0x0000000089500000, 0x0000000089500000| Untracked 
|  62|0x0000000089600000, 0x0000000089600000, 0x0000000089700000|  0%| F|  |TAMS 0x0000000089600000, 0x0000000089600000| Untracked 
|  63|0x0000000089700000, 0x0000000089700000, 0x0000000089800000|  0%| F|  |TAMS 0x0000000089700000, 0x0000000089700000| Untracked 
|  64|0x0000000089800000, 0x0000000089800000, 0x0000000089900000|  0%| F|  |TAMS 0x0000000089800000, 0x0000000089800000| Untracked 
|  65|0x0000000089900000, 0x0000000089900000, 0x0000000089a00000|  0%| F|  |TAMS 0x0000000089900000, 0x0000000089900000| Untracked 
|  66|0x0000000089a00000, 0x0000000089a00000, 0x0000000089b00000|  0%| F|  |TAMS 0x0000000089a00000, 0x0000000089a00000| Untracked 
|  67|0x0000000089b00000, 0x0000000089b00000, 0x0000000089c00000|  0%| F|  |TAMS 0x0000000089b00000, 0x0000000089b00000| Untracked 
|  68|0x0000000089c00000, 0x0000000089c00000, 0x0000000089d00000|  0%| F|  |TAMS 0x0000000089c00000, 0x0000000089c00000| Untracked 
|  69|0x0000000089d00000, 0x0000000089d00000, 0x0000000089e00000|  0%| F|  |TAMS 0x0000000089d00000, 0x0000000089d00000| Untracked 
|  70|0x0000000089e00000, 0x0000000089e00000, 0x0000000089f00000|  0%| F|  |TAMS 0x0000000089e00000, 0x0000000089e00000| Untracked 
|  71|0x0000000089f00000, 0x0000000089f00000, 0x000000008a000000|  0%| F|  |TAMS 0x0000000089f00000, 0x0000000089f00000| Untracked 
|  72|0x000000008a000000, 0x000000008a000000, 0x000000008a100000|  0%| F|  |TAMS 0x000000008a000000, 0x000000008a000000| Untracked 
|  73|0x000000008a100000, 0x000000008a100000, 0x000000008a200000|  0%| F|  |TAMS 0x000000008a100000, 0x000000008a100000| Untracked 
|  74|0x000000008a200000, 0x000000008a200000, 0x000000008a300000|  0%| F|  |TAMS 0x000000008a200000, 0x000000008a200000| Untracked 
|  75|0x000000008a300000, 0x000000008a300000, 0x000000008a400000|  0%| F|  |TAMS 0x000000008a300000, 0x000000008a300000| Untracked 
|  76|0x000000008a400000, 0x000000008a400000, 0x000000008a500000|  0%| F|  |TAMS 0x000000008a400000, 0x000000008a400000| Untracked 
|  77|0x000000008a500000, 0x000000008a500000, 0x000000008a600000|  0%| F|  |TAMS 0x000000008a500000, 0x000000008a500000| Untracked 
|  78|0x000000008a600000, 0x000000008a600000, 0x000000008a700000|  0%| F|  |TAMS 0x000000008a600000, 0x000000008a600000| Untracked 
|  79|0x000000008a700000, 0x000000008a700000, 0x000000008a800000|  0%| F|  |TAMS 0x000000008a700000, 0x000000008a700000| Untracked 
|  80|0x000000008a800000, 0x000000008a800000, 0x000000008a900000|  0%| F|  |TAMS 0x000000008a800000, 0x000000008a800000| Untracked 
|  81|0x000000008a900000, 0x000000008a900000, 0x000000008aa00000|  0%| F|  |TAMS 0x000000008a900000, 0x000000008a900000| Untracked 
|  82|0x000000008aa00000, 0x000000008aa00000, 0x000000008ab00000|  0%| F|  |TAMS 0x000000008aa00000, 0x000000008aa00000| Untracked 
|  83|0x000000008ab00000, 0x000000008ab00000, 0x000000008ac00000|  0%| F|  |TAMS 0x000000008ab00000, 0x000000008ab00000| Untracked 
|  84|0x000000008ac00000, 0x000000008ac00000, 0x000000008ad00000|  0%| F|  |TAMS 0x000000008ac00000, 0x000000008ac00000| Untracked 
|  85|0x000000008ad00000, 0x000000008ad00000, 0x000000008ae00000|  0%| F|  |TAMS 0x000000008ad00000, 0x000000008ad00000| Untracked 
|  86|0x000000008ae00000, 0x000000008ae00000, 0x000000008af00000|  0%| F|  |TAMS 0x000000008ae00000, 0x000000008ae00000| Untracked 
|  87|0x000000008af00000, 0x000000008af00000, 0x000000008b000000|  0%| F|  |TAMS 0x000000008af00000, 0x000000008af00000| Untracked 
|  88|0x000000008b000000, 0x000000008b000000, 0x000000008b100000|  0%| F|  |TAMS 0x000000008b000000, 0x000000008b000000| Untracked 
|  89|0x000000008b100000, 0x000000008b100000, 0x000000008b200000|  0%| F|  |TAMS 0x000000008b100000, 0x000000008b100000| Untracked 
|  90|0x000000008b200000, 0x000000008b200000, 0x000000008b300000|  0%| F|  |TAMS 0x000000008b200000, 0x000000008b200000| Untracked 
|  91|0x000000008b300000, 0x000000008b300000, 0x000000008b400000|  0%| F|  |TAMS 0x000000008b300000, 0x000000008b300000| Untracked 
|  92|0x000000008b400000, 0x000000008b400000, 0x000000008b500000|  0%| F|  |TAMS 0x000000008b400000, 0x000000008b400000| Untracked 
|  93|0x000000008b500000, 0x000000008b500000, 0x000000008b600000|  0%| F|  |TAMS 0x000000008b500000, 0x000000008b500000| Untracked 
|  94|0x000000008b600000, 0x000000008b600000, 0x000000008b700000|  0%| F|  |TAMS 0x000000008b600000, 0x000000008b600000| Untracked 
|  95|0x000000008b700000, 0x000000008b700000, 0x000000008b800000|  0%| F|  |TAMS 0x000000008b700000, 0x000000008b700000| Untracked 
|  96|0x000000008b800000, 0x000000008b800000, 0x000000008b900000|  0%| F|  |TAMS 0x000000008b800000, 0x000000008b800000| Untracked 
|  97|0x000000008b900000, 0x000000008b900000, 0x000000008ba00000|  0%| F|  |TAMS 0x000000008b900000, 0x000000008b900000| Untracked 
|  98|0x000000008ba00000, 0x000000008ba00000, 0x000000008bb00000|  0%| F|  |TAMS 0x000000008ba00000, 0x000000008ba00000| Untracked 
|  99|0x000000008bb00000, 0x000000008bb00000, 0x000000008bc00000|  0%| F|  |TAMS 0x000000008bb00000, 0x000000008bb00000| Untracked 
| 100|0x000000008bc00000, 0x000000008bc00000, 0x000000008bd00000|  0%| F|  |TAMS 0x000000008bc00000, 0x000000008bc00000| Untracked 
| 101|0x000000008bd00000, 0x000000008bd00000, 0x000000008be00000|  0%| F|  |TAMS 0x000000008bd00000, 0x000000008bd00000| Untracked 
| 102|0x000000008be00000, 0x000000008be00000, 0x000000008bf00000|  0%| F|  |TAMS 0x000000008be00000, 0x000000008be00000| Untracked 
| 103|0x000000008bf00000, 0x000000008bf00000, 0x000000008c000000|  0%| F|  |TAMS 0x000000008bf00000, 0x000000008bf00000| Untracked 
| 104|0x000000008c000000, 0x000000008c000000, 0x000000008c100000|  0%| F|  |TAMS 0x000000008c000000, 0x000000008c000000| Untracked 
| 105|0x000000008c100000, 0x000000008c100000, 0x000000008c200000|  0%| F|  |TAMS 0x000000008c100000, 0x000000008c100000| Untracked 
| 106|0x000000008c200000, 0x000000008c200000, 0x000000008c300000|  0%| F|  |TAMS 0x000000008c200000, 0x000000008c200000| Untracked 
| 107|0x000000008c300000, 0x000000008c300000, 0x000000008c400000|  0%| F|  |TAMS 0x000000008c300000, 0x000000008c300000| Untracked 
| 108|0x000000008c400000, 0x000000008c400000, 0x000000008c500000|  0%| F|  |TAMS 0x000000008c400000, 0x000000008c400000| Untracked 
| 109|0x000000008c500000, 0x000000008c500000, 0x000000008c600000|  0%| F|  |TAMS 0x000000008c500000, 0x000000008c500000| Untracked 
| 110|0x000000008c600000, 0x000000008c600000, 0x000000008c700000|  0%| F|  |TAMS 0x000000008c600000, 0x000000008c600000| Untracked 
| 111|0x000000008c700000, 0x000000008c700000, 0x000000008c800000|  0%| F|  |TAMS 0x000000008c700000, 0x000000008c700000| Untracked 
| 112|0x000000008c800000, 0x000000008c800000, 0x000000008c900000|  0%| F|  |TAMS 0x000000008c800000, 0x000000008c800000| Untracked 
| 113|0x000000008c900000, 0x000000008c900000, 0x000000008ca00000|  0%| F|  |TAMS 0x000000008c900000, 0x000000008c900000| Untracked 
| 114|0x000000008ca00000, 0x000000008ca00000, 0x000000008cb00000|  0%| F|  |TAMS 0x000000008ca00000, 0x000000008ca00000| Untracked 
| 115|0x000000008cb00000, 0x000000008cb00000, 0x000000008cc00000|  0%| F|  |TAMS 0x000000008cb00000, 0x000000008cb00000| Untracked 
| 116|0x000000008cc00000, 0x000000008cc00000, 0x000000008cd00000|  0%| F|  |TAMS 0x000000008cc00000, 0x000000008cc00000| Untracked 
| 117|0x000000008cd00000, 0x000000008cd00000, 0x000000008ce00000|  0%| F|  |TAMS 0x000000008cd00000, 0x000000008cd00000| Untracked 
| 118|0x000000008ce00000, 0x000000008ce00000, 0x000000008cf00000|  0%| F|  |TAMS 0x000000008ce00000, 0x000000008ce00000| Untracked 
| 119|0x000000008cf00000, 0x000000008d000000, 0x000000008d000000|100%| S|CS|TAMS 0x000000008cf00000, 0x000000008cf00000| Complete 
| 120|0x000000008d000000, 0x000000008d100000, 0x000000008d100000|100%| S|CS|TAMS 0x000000008d000000, 0x000000008d000000| Complete 
| 121|0x000000008d100000, 0x000000008d200000, 0x000000008d200000|100%| S|CS|TAMS 0x000000008d100000, 0x000000008d100000| Complete 
| 122|0x000000008d200000, 0x000000008d300000, 0x000000008d300000|100%| S|CS|TAMS 0x000000008d200000, 0x000000008d200000| Complete 
| 123|0x000000008d300000, 0x000000008d400000, 0x000000008d400000|100%| S|CS|TAMS 0x000000008d300000, 0x000000008d300000| Complete 
| 124|0x000000008d400000, 0x000000008d500000, 0x000000008d500000|100%| S|CS|TAMS 0x000000008d400000, 0x000000008d400000| Complete 
| 125|0x000000008d500000, 0x000000008d500000, 0x000000008d600000|  0%| F|  |TAMS 0x000000008d500000, 0x000000008d500000| Untracked 
| 126|0x000000008d600000, 0x000000008d600000, 0x000000008d700000|  0%| F|  |TAMS 0x000000008d600000, 0x000000008d600000| Untracked 
| 127|0x000000008d700000, 0x000000008d700000, 0x000000008d800000|  0%| F|  |TAMS 0x000000008d700000, 0x000000008d700000| Untracked 
| 128|0x000000008d800000, 0x000000008d800000, 0x000000008d900000|  0%| F|  |TAMS 0x000000008d800000, 0x000000008d800000| Untracked 
| 129|0x000000008d900000, 0x000000008d900000, 0x000000008da00000|  0%| F|  |TAMS 0x000000008d900000, 0x000000008d900000| Untracked 
| 130|0x000000008da00000, 0x000000008da00000, 0x000000008db00000|  0%| F|  |TAMS 0x000000008da00000, 0x000000008da00000| Untracked 
| 131|0x000000008db00000, 0x000000008db00000, 0x000000008dc00000|  0%| F|  |TAMS 0x000000008db00000, 0x000000008db00000| Untracked 
| 132|0x000000008dc00000, 0x000000008dc00000, 0x000000008dd00000|  0%| F|  |TAMS 0x000000008dc00000, 0x000000008dc00000| Untracked 
| 133|0x000000008dd00000, 0x000000008dd00000, 0x000000008de00000|  0%| F|  |TAMS 0x000000008dd00000, 0x000000008dd00000| Untracked 
| 134|0x000000008de00000, 0x000000008de00000, 0x000000008df00000|  0%| F|  |TAMS 0x000000008de00000, 0x000000008de00000| Untracked 
| 135|0x000000008df00000, 0x000000008df00000, 0x000000008e000000|  0%| F|  |TAMS 0x000000008df00000, 0x000000008df00000| Untracked 
| 136|0x000000008e000000, 0x000000008e000000, 0x000000008e100000|  0%| F|  |TAMS 0x000000008e000000, 0x000000008e000000| Untracked 
| 137|0x000000008e100000, 0x000000008e100000, 0x000000008e200000|  0%| F|  |TAMS 0x000000008e100000, 0x000000008e100000| Untracked 
| 138|0x000000008e200000, 0x000000008e200000, 0x000000008e300000|  0%| F|  |TAMS 0x000000008e200000, 0x000000008e200000| Untracked 
| 139|0x000000008e300000, 0x000000008e300000, 0x000000008e400000|  0%| F|  |TAMS 0x000000008e300000, 0x000000008e300000| Untracked 
| 140|0x000000008e400000, 0x000000008e400000, 0x000000008e500000|  0%| F|  |TAMS 0x000000008e400000, 0x000000008e400000| Untracked 
| 141|0x000000008e500000, 0x000000008e500000, 0x000000008e600000|  0%| F|  |TAMS 0x000000008e500000, 0x000000008e500000| Untracked 
| 142|0x000000008e600000, 0x000000008e600000, 0x000000008e700000|  0%| F|  |TAMS 0x000000008e600000, 0x000000008e600000| Untracked 
| 143|0x000000008e700000, 0x000000008e700000, 0x000000008e800000|  0%| F|  |TAMS 0x000000008e700000, 0x000000008e700000| Untracked 
| 144|0x000000008e800000, 0x000000008e800000, 0x000000008e900000|  0%| F|  |TAMS 0x000000008e800000, 0x000000008e800000| Untracked 
| 145|0x000000008e900000, 0x000000008e900000, 0x000000008ea00000|  0%| F|  |TAMS 0x000000008e900000, 0x000000008e900000| Untracked 
| 146|0x000000008ea00000, 0x000000008ea00000, 0x000000008eb00000|  0%| F|  |TAMS 0x000000008ea00000, 0x000000008ea00000| Untracked 
| 147|0x000000008eb00000, 0x000000008eb00000, 0x000000008ec00000|  0%| F|  |TAMS 0x000000008eb00000, 0x000000008eb00000| Untracked 
| 148|0x000000008ec00000, 0x000000008ec00000, 0x000000008ed00000|  0%| F|  |TAMS 0x000000008ec00000, 0x000000008ec00000| Untracked 
| 149|0x000000008ed00000, 0x000000008ed00000, 0x000000008ee00000|  0%| F|  |TAMS 0x000000008ed00000, 0x000000008ed00000| Untracked 
| 150|0x000000008ee00000, 0x000000008ee00000, 0x000000008ef00000|  0%| F|  |TAMS 0x000000008ee00000, 0x000000008ee00000| Untracked 
| 151|0x000000008ef00000, 0x000000008ef00000, 0x000000008f000000|  0%| F|  |TAMS 0x000000008ef00000, 0x000000008ef00000| Untracked 
| 152|0x000000008f000000, 0x000000008f000000, 0x000000008f100000|  0%| F|  |TAMS 0x000000008f000000, 0x000000008f000000| Untracked 
| 153|0x000000008f100000, 0x000000008f100000, 0x000000008f200000|  0%| F|  |TAMS 0x000000008f100000, 0x000000008f100000| Untracked 
| 154|0x000000008f200000, 0x000000008f200000, 0x000000008f300000|  0%| F|  |TAMS 0x000000008f200000, 0x000000008f200000| Untracked 
| 155|0x000000008f300000, 0x000000008f300000, 0x000000008f400000|  0%| F|  |TAMS 0x000000008f300000, 0x000000008f300000| Untracked 
| 156|0x000000008f400000, 0x000000008f400000, 0x000000008f500000|  0%| F|  |TAMS 0x000000008f400000, 0x000000008f400000| Untracked 
| 157|0x000000008f500000, 0x000000008f500000, 0x000000008f600000|  0%| F|  |TAMS 0x000000008f500000, 0x000000008f500000| Untracked 
| 158|0x000000008f600000, 0x000000008f600000, 0x000000008f700000|  0%| F|  |TAMS 0x000000008f600000, 0x000000008f600000| Untracked 
| 159|0x000000008f700000, 0x000000008f700000, 0x000000008f800000|  0%| F|  |TAMS 0x000000008f700000, 0x000000008f700000| Untracked 
| 160|0x000000008f800000, 0x000000008f800000, 0x000000008f900000|  0%| F|  |TAMS 0x000000008f800000, 0x000000008f800000| Untracked 
| 161|0x000000008f900000, 0x000000008f900000, 0x000000008fa00000|  0%| F|  |TAMS 0x000000008f900000, 0x000000008f900000| Untracked 
| 162|0x000000008fa00000, 0x000000008fa00000, 0x000000008fb00000|  0%| F|  |TAMS 0x000000008fa00000, 0x000000008fa00000| Untracked 
| 163|0x000000008fb00000, 0x000000008fb00000, 0x000000008fc00000|  0%| F|  |TAMS 0x000000008fb00000, 0x000000008fb00000| Untracked 
| 164|0x000000008fc00000, 0x000000008fc00000, 0x000000008fd00000|  0%| F|  |TAMS 0x000000008fc00000, 0x000000008fc00000| Untracked 
| 165|0x000000008fd00000, 0x000000008fd00000, 0x000000008fe00000|  0%| F|  |TAMS 0x000000008fd00000, 0x000000008fd00000| Untracked 
| 166|0x000000008fe00000, 0x000000008fe00000, 0x000000008ff00000|  0%| F|  |TAMS 0x000000008fe00000, 0x000000008fe00000| Untracked 
| 167|0x000000008ff00000, 0x000000008ff00000, 0x0000000090000000|  0%| F|  |TAMS 0x000000008ff00000, 0x000000008ff00000| Untracked 
| 168|0x0000000090000000, 0x0000000090000000, 0x0000000090100000|  0%| F|  |TAMS 0x0000000090000000, 0x0000000090000000| Untracked 
| 169|0x0000000090100000, 0x0000000090100000, 0x0000000090200000|  0%| F|  |TAMS 0x0000000090100000, 0x0000000090100000| Untracked 
| 170|0x0000000090200000, 0x0000000090200000, 0x0000000090300000|  0%| F|  |TAMS 0x0000000090200000, 0x0000000090200000| Untracked 
| 171|0x0000000090300000, 0x0000000090300000, 0x0000000090400000|  0%| F|  |TAMS 0x0000000090300000, 0x0000000090300000| Untracked 
| 172|0x0000000090400000, 0x0000000090400000, 0x0000000090500000|  0%| F|  |TAMS 0x0000000090400000, 0x0000000090400000| Untracked 
| 173|0x0000000090500000, 0x0000000090500000, 0x0000000090600000|  0%| F|  |TAMS 0x0000000090500000, 0x0000000090500000| Untracked 
| 174|0x0000000090600000, 0x0000000090680000, 0x0000000090700000| 50%| E|  |TAMS 0x0000000090600000, 0x0000000090600000| Complete 
|1958|0x00000000ffe00000, 0x00000000ffe47000, 0x00000000fff00000| 27%|OA|  |TAMS 0x00000000ffe00000, 0x00000000ffe47000| Untracked 
|1959|0x00000000fff00000, 0x00000000fff6b000, 0x0000000100000000| 41%|CA|  |TAMS 0x00000000fff00000, 0x00000000fff6b000| Untracked 

Card table byte_map: [0x00007f5be5787000,0x00007f5be5b5b000] _byte_map_base: 0x00007f5be535b000

Marking Bits (Prev, Next): (CMBitMap*) 0x00007f5be00596b8, (CMBitMap*) 0x00007f5be00596f0
 Prev Bits: [0x00007f5bc2160000, 0x00007f5bc4000000)
 Next Bits: [0x00007f5bc02c0000, 0x00007f5bc2160000)

Polling page: 0x00007f5bea487000

Metaspace:

Usage:
  Non-class:     17,76 MB capacity,    17,31 MB ( 97%) used,   378,52 KB (  2%) free+waste,    81,44 KB ( <1%) overhead. 
      Class:      2,75 MB capacity,     2,43 MB ( 88%) used,   288,83 KB ( 10%) free+waste,    41,12 KB (  1%) overhead. 
       Both:     20,51 MB capacity,    19,74 MB ( 96%) used,   667,34 KB (  3%) free+waste,   122,56 KB ( <1%) overhead. 

Virtual space:
  Non-class space:       18,00 MB reserved,      18,00 MB (100%) committed 
      Class space:        1,00 GB reserved,       2,88 MB ( <1%) committed 
             Both:        1,02 GB reserved,      20,88 MB (  2%) committed 

Chunk freelists:
   Non-Class:  60,00 KB
       Class:  29,00 KB
        Both:  89,00 KB

MaxMetaspaceSize: unlimited
CompressedClassSpaceSize: 1,00 GB
Initial GC threshold: 20,80 MB
Current GC threshold: 21,12 MB
CDS: on

CodeHeap 'non-profiled nmethods': size=120032Kb used=1313Kb max_used=1313Kb free=118718Kb
 bounds [0x00007f5bd031b000, 0x00007f5bd058b000, 0x00007f5bd7853000]
CodeHeap 'profiled nmethods': size=120032Kb used=6489Kb max_used=6489Kb free=113542Kb
 bounds [0x00007f5bc8de3000, 0x00007f5bc9443000, 0x00007f5bd031b000]
CodeHeap 'non-nmethods': size=5696Kb used=1191Kb max_used=1229Kb free=4504Kb
 bounds [0x00007f5bc8853000, 0x00007f5bc8ac3000, 0x00007f5bc8de3000]
 total_blobs=3410 nmethods=2953 adapters=370
 compilation: enabled
              stopped_count=0, restarted_count=0
 full_count=0

Compilation events (20 events):
Event: 4,062 Thread 0x00007f5be011f800 nmethod 2944 0x00007f5bc942a590 code [0x00007f5bc942a860, 0x00007f5bc942b850]
Event: 4,062 Thread 0x00007f5be011f800 2946       2       org.springframework.util.ConcurrentReferenceHashMap$Segment::findInChain (66 bytes)
Event: 4,062 Thread 0x00007f5be011f800 nmethod 2946 0x00007f5bc942be10 code [0x00007f5bc942c000, 0x00007f5bc942c250]
Event: 4,062 Thread 0x00007f5be011f800 2945       3       org.springframework.core.ResolvableType::hasGenerics (14 bytes)
Event: 4,062 Thread 0x00007f5be011f800 nmethod 2945 0x00007f5bc942c410 code [0x00007f5bc942c5e0, 0x00007f5bc942c820]
Event: 4,065 Thread 0x00007f5be011f800 2947       3       org.springframework.util.StringUtils::arrayToDelimitedString (75 bytes)
Event: 4,066 Thread 0x00007f5be011f800 nmethod 2947 0x00007f5bc942c910 code [0x00007f5bc942cb40, 0x00007f5bc942d120]
Event: 4,066 Thread 0x00007f5be011f800 2948       3       org.springframework.boot.autoconfigure.condition.ConditionMessage$ItemsBuilder::<init> (12 bytes)
Event: 4,066 Thread 0x00007f5be011f800 nmethod 2948 0x00007f5bc942d390 code [0x00007f5bc942d560, 0x00007f5bc942d910]
Event: 4,067 Thread 0x00007f5be011f800 2949       3       org.springframework.boot.autoconfigure.condition.ConditionMessage$ItemsBuilder::<init> (32 bytes)
Event: 4,067 Thread 0x00007f5be011f800 nmethod 2949 0x00007f5bc942da10 code [0x00007f5bc942dbe0, 0x00007f5bc942df30]
Event: 4,067 Thread 0x00007f5be011f800 2950       3       org.springframework.boot.autoconfigure.condition.ConditionMessage$ItemsBuilder::items (137 bytes)
Event: 4,092 Thread 0x00007f5be011f800 nmethod 2950 0x00007f5bc942e010 code [0x00007f5bc942e3a0, 0x00007f5bc942f990]
Event: 4,092 Thread 0x00007f5be011f800 2955       3       org.springframework.core.annotation.AttributeMethods::indexOf (37 bytes)
Event: 4,095 Thread 0x00007f5b94202800 nmethod 2867 0x00007f5bd045f410 code [0x00007f5bd045f6c0, 0x00007f5bd04613c0]
Event: 4,095 Thread 0x00007f5b94202800 2959       4       org.springframework.beans.factory.support.AbstractBeanFactory::getMergedLocalBeanDefinition (38 bytes)
Event: 4,100 Thread 0x00007f5be011f800 nmethod 2955 0x00007f5bc9430110 code [0x00007f5bc94302e0, 0x00007f5bc9430580]
Event: 4,101 Thread 0x00007f5be011f800 2956       3       org.springframework.core.ResolvableType::isInstance (21 bytes)
Event: 4,106 Thread 0x00007f5be011f800 nmethod 2956 0x00007f5bc9430710 code [0x00007f5bc94308e0, 0x00007f5bc9430b80]
Event: 4,109 Thread 0x00007f5be011f800 2953   !   3       sun.reflect.annotation.AnnotationParser::parseEnumValue (152 bytes)

GC Heap History (12 events):
Event: 0,529 GC heap before
{Heap before GC invocations=0 (full 0):
 garbage-first heap   total 129024K, used 16072K [0x0000000085800000, 0x0000000100000000)
  region size 1024K, 14 young (14336K), 0 survivors (0K)
 Metaspace       used 2496K, capacity 5659K, committed 5760K, reserved 1056768K
  class space    used 243K, capacity 546K, committed 640K, reserved 1048576K
}
Event: 0,543 GC heap after
{Heap after GC invocations=1 (full 0):
 garbage-first heap   total 129024K, used 6074K [0x0000000085800000, 0x0000000100000000)
  region size 1024K, 2 young (2048K), 2 survivors (2048K)
 Metaspace       used 2496K, capacity 5659K, committed 5760K, reserved 1056768K
  class space    used 243K, capacity 546K, committed 640K, reserved 1048576K
}
Event: 0,871 GC heap before
{Heap before GC invocations=1 (full 0):
 garbage-first heap   total 129024K, used 14266K [0x0000000085800000, 0x0000000100000000)
  region size 1024K, 10 young (10240K), 2 survivors (2048K)
 Metaspace       used 4363K, capacity 6895K, committed 6912K, reserved 1056768K
  class space    used 489K, capacity 752K, committed 768K, reserved 1048576K
}
Event: 0,891 GC heap after
{Heap after GC invocations=2 (full 0):
 garbage-first heap   total 129024K, used 6674K [0x0000000085800000, 0x0000000100000000)
  region size 1024K, 1 young (1024K), 1 survivors (1024K)
 Metaspace       used 4363K, capacity 6895K, committed 6912K, reserved 1056768K
  class space    used 489K, capacity 752K, committed 768K, reserved 1048576K
}
Event: 1,596 GC heap before
{Heap before GC invocations=2 (full 0):
 garbage-first heap   total 129024K, used 32274K [0x0000000085800000, 0x0000000100000000)
  region size 1024K, 26 young (26624K), 1 survivors (1024K)
 Metaspace       used 9314K, capacity 10535K, committed 10624K, reserved 1058816K
  class space    used 1179K, capacity 1405K, committed 1408K, reserved 1048576K
}
Event: 1,602 GC heap after
{Heap after GC invocations=3 (full 0):
 garbage-first heap   total 129024K, used 8157K [0x0000000085800000, 0x0000000100000000)
  region size 1024K, 2 young (2048K), 2 survivors (2048K)
 Metaspace       used 9314K, capacity 10535K, committed 10624K, reserved 1058816K
  class space    used 1179K, capacity 1405K, committed 1408K, reserved 1048576K
}
Event: 2,287 GC heap before
{Heap before GC invocations=3 (full 0):
 garbage-first heap   total 129024K, used 45021K [0x0000000085800000, 0x0000000100000000)
  region size 1024K, 39 young (39936K), 2 survivors (2048K)
 Metaspace       used 15460K, capacity 16092K, committed 16256K, reserved 1062912K
  class space    used 1916K, capacity 2155K, committed 2176K, reserved 1048576K
}
Event: 2,301 GC heap after
{Heap after GC invocations=4 (full 0):
 garbage-first heap   total 129024K, used 9330K [0x0000000085800000, 0x0000000100000000)
  region size 1024K, 4 young (4096K), 4 survivors (4096K)
 Metaspace       used 15460K, capacity 16092K, committed 16256K, reserved 1062912K
  class space    used 1916K, capacity 2155K, committed 2176K, reserved 1048576K
}
Event: 2,716 GC heap before
{Heap before GC invocations=4 (full 0):
 garbage-first heap   total 129024K, used 60530K [0x0000000085800000, 0x0000000100000000)
  region size 1024K, 55 young (56320K), 4 survivors (4096K)
 Metaspace       used 15874K, capacity 16496K, committed 16896K, reserved 1064960K
  class space    used 1948K, capacity 2198K, committed 2304K, reserved 1048576K
}
Event: 2,735 GC heap after
{Heap after GC invocations=5 (full 0):
 garbage-first heap   total 181248K, used 10520K [0x0000000085800000, 0x0000000100000000)
  region size 1024K, 5 young (5120K), 5 survivors (5120K)
 Metaspace       used 15874K, capacity 16496K, committed 16896K, reserved 1064960K
  class space    used 1948K, capacity 2198K, committed 2304K, reserved 1048576K
}
Event: 4,115 GC heap before
{Heap before GC invocations=5 (full 0):
 garbage-first heap   total 181248K, used 60696K [0x0000000085800000, 0x0000000100000000)
  region size 1024K, 55 young (56320K), 5 survivors (5120K)
 Metaspace       used 20195K, capacity 20971K, committed 21248K, reserved 1067008K
  class space    used 2486K, capacity 2787K, committed 2816K, reserved 1048576K
}
Event: 4,140 GC heap after
{Heap after GC invocations=6 (full 0):
 garbage-first heap   total 181248K, used 12298K [0x0000000085800000, 0x0000000100000000)
  region size 1024K, 6 young (6144K), 6 survivors (6144K)
 Metaspace       used 20195K, capacity 20971K, committed 21248K, reserved 1067008K
  class space    used 2486K, capacity 2787K, committed 2816K, reserved 1048576K
}

Deoptimization events (20 events):
Event: 3,932 Thread 0x00007f5be0019000 Uncommon trap: trap_request=0xffffffde fr.pc=0x00007f5bd0431d64 relative=0x0000000000000664
Event: 3,932 Thread 0x00007f5be0019000 Uncommon trap: reason=class_check action=maybe_recompile pc=0x00007f5bd0431d64 method=org.springframework.util.ConcurrentReferenceHashMap$Segment.findInChain(Lorg/springframework/util/ConcurrentReferenceHashMap$Reference;Ljava/lang/Object;I)Lorg/springfra
Event: 3,932 Thread 0x00007f5be0019000 DEOPT PACKING pc=0x00007f5bd0431d64 sp=0x00007f5bea46bc10
Event: 3,932 Thread 0x00007f5be0019000 DEOPT UNPACKING pc=0x00007f5bc889cea5 sp=0x00007f5bea46bb38 mode 2
Event: 3,932 Thread 0x00007f5be0019000 Uncommon trap: trap_request=0xffffffde fr.pc=0x00007f5bd043a55c relative=0x000000000000021c
Event: 3,932 Thread 0x00007f5be0019000 Uncommon trap: reason=class_check action=maybe_recompile pc=0x00007f5bd043a55c method=org.springframework.util.ConcurrentReferenceHashMap.get(Ljava/lang/Object;)Ljava/lang/Object; @ 14 c2
Event: 3,932 Thread 0x00007f5be0019000 DEOPT PACKING pc=0x00007f5bd043a55c sp=0x00007f5bea46bc70
Event: 3,932 Thread 0x00007f5be0019000 DEOPT UNPACKING pc=0x00007f5bc889cea5 sp=0x00007f5bea46bc20 mode 2
Event: 3,938 Thread 0x00007f5be0019000 Uncommon trap: trap_request=0xffffffde fr.pc=0x00007f5bd0387f2c relative=0x000000000000016c
Event: 3,938 Thread 0x00007f5be0019000 Uncommon trap: reason=class_check action=maybe_recompile pc=0x00007f5bd0387f2c method=java.util.Objects.equals(Ljava/lang/Object;Ljava/lang/Object;)Z @ 11 c2
Event: 3,938 Thread 0x00007f5be0019000 DEOPT PACKING pc=0x00007f5bd0387f2c sp=0x00007f5bea46b980
Event: 3,938 Thread 0x00007f5be0019000 DEOPT UNPACKING pc=0x00007f5bc889cea5 sp=0x00007f5bea46b948 mode 2
Event: 3,954 Thread 0x00007f5be0019000 Uncommon trap: trap_request=0xffffffde fr.pc=0x00007f5bd0431d64 relative=0x0000000000000664
Event: 3,954 Thread 0x00007f5be0019000 Uncommon trap: reason=class_check action=maybe_recompile pc=0x00007f5bd0431d64 method=org.springframework.util.ConcurrentReferenceHashMap$Segment.findInChain(Lorg/springframework/util/ConcurrentReferenceHashMap$Reference;Ljava/lang/Object;I)Lorg/springfra
Event: 3,954 Thread 0x00007f5be0019000 DEOPT PACKING pc=0x00007f5bd0431d64 sp=0x00007f5bea46bc10
Event: 3,954 Thread 0x00007f5be0019000 DEOPT UNPACKING pc=0x00007f5bc889cea5 sp=0x00007f5bea46bb38 mode 2
Event: 3,954 Thread 0x00007f5be0019000 Uncommon trap: trap_request=0xffffffde fr.pc=0x00007f5bd043a55c relative=0x000000000000021c
Event: 3,954 Thread 0x00007f5be0019000 Uncommon trap: reason=class_check action=maybe_recompile pc=0x00007f5bd043a55c method=org.springframework.util.ConcurrentReferenceHashMap.get(Ljava/lang/Object;)Ljava/lang/Object; @ 14 c2
Event: 3,954 Thread 0x00007f5be0019000 DEOPT PACKING pc=0x00007f5bd043a55c sp=0x00007f5bea46bc70
Event: 3,954 Thread 0x00007f5be0019000 DEOPT UNPACKING pc=0x00007f5bc889cea5 sp=0x00007f5bea46bc20 mode 2

Classes redefined (0 events):
No events

Internal exceptions (20 events):
Event: 1,964 Thread 0x00007f5be0019000 Exception <a 'java/lang/ClassNotFoundException'{0x000000008bc72d90}: org/springframework/beans/factory/support/BeanDefinitionRegistryPostProcessorCustomizer> (0x000000008bc72d90) thrown at [src/hotspot/share/classfile/systemDictionary.cpp, line 231]
Event: 1,965 Thread 0x00007f5be0019000 Exception <a 'java/lang/ClassNotFoundException'{0x000000008bc84dc8}: org/springframework/beans/factory/config/BeanFactoryPostProcessorCustomizer> (0x000000008bc84dc8) thrown at [src/hotspot/share/classfile/systemDictionary.cpp, line 231]
Event: 1,970 Thread 0x00007f5be0019000 Exception <a 'java/lang/ClassNotFoundException'{0x000000008bc93828}: org/springframework/core/PriorityOrderedCustomizer> (0x000000008bc93828) thrown at [src/hotspot/share/classfile/systemDictionary.cpp, line 231]
Event: 1,971 Thread 0x00007f5be0019000 Exception <a 'java/lang/ClassNotFoundException'{0x000000008bbbe750}: org/springframework/core/OrderedCustomizer> (0x000000008bbbe750) thrown at [src/hotspot/share/classfile/systemDictionary.cpp, line 231]
Event: 1,972 Thread 0x00007f5be0019000 Exception <a 'java/lang/ClassNotFoundException'{0x000000008bbcddd0}: org/springframework/context/ResourceLoaderAwareCustomizer> (0x000000008bbcddd0) thrown at [src/hotspot/share/classfile/systemDictionary.cpp, line 231]
Event: 1,973 Thread 0x00007f5be0019000 Exception <a 'java/lang/ClassNotFoundException'{0x000000008bbdc428}: org/springframework/beans/factory/AwareCustomizer> (0x000000008bbdc428) thrown at [src/hotspot/share/classfile/systemDictionary.cpp, line 231]
Event: 1,973 Thread 0x00007f5be0019000 Exception <a 'java/lang/ClassNotFoundException'{0x000000008bbeb648}: org/springframework/context/ApplicationStartupAwareCustomizer> (0x000000008bbeb648) thrown at [src/hotspot/share/classfile/systemDictionary.cpp, line 231]
Event: 1,974 Thread 0x00007f5be0019000 Exception <a 'java/lang/ClassNotFoundException'{0x000000008bbf9f18}: org/springframework/beans/factory/AwareCustomizer> (0x000000008bbf9f18) thrown at [src/hotspot/share/classfile/systemDictionary.cpp, line 231]
Event: 1,974 Thread 0x00007f5be0019000 Exception <a 'java/lang/ClassNotFoundException'{0x000000008ba09aa0}: org/springframework/beans/factory/BeanClassLoaderAwareCustomizer> (0x000000008ba09aa0) thrown at [src/hotspot/share/classfile/systemDictionary.cpp, line 231]
Event: 1,975 Thread 0x00007f5be0019000 Exception <a 'java/lang/ClassNotFoundException'{0x000000008ba18110}: org/springframework/beans/factory/AwareCustomizer> (0x000000008ba18110) thrown at [src/hotspot/share/classfile/systemDictionary.cpp, line 231]
Event: 1,976 Thread 0x00007f5be0019000 Exception <a 'java/lang/ClassNotFoundException'{0x000000008ba26378}: org/springframework/context/EnvironmentAwareCustomizer> (0x000000008ba26378) thrown at [src/hotspot/share/classfile/systemDictionary.cpp, line 231]
Event: 1,977 Thread 0x00007f5be0019000 Exception <a 'java/lang/ClassNotFoundException'{0x000000008ba34960}: org/springframework/beans/factory/AwareCustomizer> (0x000000008ba34960) thrown at [src/hotspot/share/classfile/systemDictionary.cpp, line 231]
Event: 2,028 Thread 0x00007f5be07c7000 Exception <a 'java/lang/NoSuchMethodError'{0x000000008b5b20c8}: 'long java.lang.invoke.DirectMethodHandle$Holder.invokeSpecial(java.lang.Object, java.lang.Object)'> (0x000000008b5b20c8) thrown at [src/hotspot/share/interpreter/linkResolver.cpp, line 773]
Event: 2,033 Thread 0x00007f5be07c7000 Exception <a 'java/lang/NoSuchMethodError'{0x000000008b4052e8}: 'long java.lang.invoke.DirectMethodHandle$Holder.invokeStatic(java.lang.Object, java.lang.Object)'> (0x000000008b4052e8) thrown at [src/hotspot/share/interpreter/linkResolver.cpp, line 773]
Event: 2,037 Thread 0x00007f5be07c7000 Exception <a 'java/lang/NoSuchMethodError'{0x000000008b408110}: 'long java.lang.invoke.DirectMethodHandle$Holder.invokeStaticInit(java.lang.Object, java.lang.Object)'> (0x000000008b408110) thrown at [src/hotspot/share/interpreter/linkResolver.cpp, line 773]
Event: 2,040 Thread 0x00007f5be07c7000 Exception <a 'java/lang/NoSuchMethodError'{0x000000008b414530}: 'long java.lang.invoke.DirectMethodHandle$Holder.invokeInterface(java.lang.Object, java.lang.Object)'> (0x000000008b414530) thrown at [src/hotspot/share/interpreter/linkResolver.cpp, line 773]
Event: 2,040 Thread 0x00007f5be07c7000 Exception <a 'java/lang/IncompatibleClassChangeError'{0x000000008b4172c8}: Found class java.lang.Object, but interface was expected> (0x000000008b4172c8) thrown at [src/hotspot/share/interpreter/linkResolver.cpp, line 839]
Event: 2,075 Thread 0x00007f5be07c7000 Exception <a 'java/lang/NoSuchMethodError'{0x000000008b3528a8}: 'java.lang.Object java.lang.invoke.DirectMethodHandle$Holder.invokeVirtual(java.lang.Object, java.lang.Object, java.lang.Object, java.lang.Object)'> (0x000000008b3528a8) thrown at [src/hotspot/share/interpreter/linkResolver.cpp, line 773]
Event: 2,180 Thread 0x00007f5be0019000 Exception <a 'java/lang/NoSuchMethodError'{0x000000008b1f5f00}: 'void java.lang.invoke.DirectMethodHandle$Holder.invokeInterface(java.lang.Object, java.lang.Object, java.lang.Object, java.lang.Object)'> (0x000000008b1f5f00) thrown at [src/hotspot/share/interpreter/linkResolver.cpp, line 773]
Event: 2,906 Thread 0x00007f5be0019000 Exception <a 'java/lang/IncompatibleClassChangeError'{0x000000008feb9e58}: Found class java.lang.Object, but interface was expected> (0x000000008feb9e58) thrown at [src/hotspot/share/interpreter/linkResolver.cpp, line 839]

Events (20 events):
Event: 4,080 loading class org/springframework/boot/autoconfigure/sql/init/SqlDataSourceScriptDatabaseInitializer done
Event: 4,081 loading class org/springframework/boot/jdbc/init/DataSourceScriptDatabaseInitializer
Event: 4,081 loading class org/springframework/boot/jdbc/init/DataSourceScriptDatabaseInitializer done
Event: 4,081 loading class org/springframework/boot/sql/init/AbstractScriptDatabaseInitializer
Event: 4,081 loading class org/springframework/boot/sql/init/AbstractScriptDatabaseInitializer done
Event: 4,084 loading class org/springframework/boot/autoconfigure/sql/init/SqlR2dbcScriptDatabaseInitializer
Event: 4,084 loading class org/springframework/boot/autoconfigure/sql/init/SqlR2dbcScriptDatabaseInitializer done
Event: 4,084 loading class org/springframework/boot/r2dbc/init/R2dbcScriptDatabaseInitializer
Event: 4,084 loading class org/springframework/boot/r2dbc/init/R2dbcScriptDatabaseInitializer done
Event: 4,096 loading class org/springframework/boot/autoconfigure/r2dbc/R2dbcAutoConfiguration
Event: 4,096 loading class org/springframework/boot/autoconfigure/r2dbc/R2dbcAutoConfiguration done
Event: 4,097 loading class org/springframework/boot/autoconfigure/sql/init/SqlInitializationProperties
Event: 4,097 loading class org/springframework/boot/autoconfigure/sql/init/SqlInitializationProperties done
Event: 4,114 loading class org/springframework/boot/autoconfigure/sql/init/R2dbcInitializationConfiguration
Event: 4,114 loading class org/springframework/boot/autoconfigure/sql/init/R2dbcInitializationConfiguration done
Event: 4,114 loading class org/springframework/boot/autoconfigure/sql/init/DataSourceInitializationConfiguration
Event: 4,114 loading class org/springframework/boot/autoconfigure/sql/init/DataSourceInitializationConfiguration done
Event: 4,115 Executing VM operation: CollectForMetadataAllocation
Event: 4,140 Executing VM operation: CollectForMetadataAllocation done
Event: 4,141 Executing VM operation: BulkRevokeBias


Dynamic libraries:
85800000-90700000 rw-p 00000000 00:00 0 
90700000-ffe00000 ---p 00000000 00:00 0 
ffe00000-ffe47000 rw-p 01114000 08:01 14426131                           /usr/lib/jvm/java-11-openjdk-amd64/lib/server/classes.jsa
ffe47000-fff00000 rw-p 00000000 00:00 0 
fff00000-fff6b000 rw-p 010a9000 08:01 14426131                           /usr/lib/jvm/java-11-openjdk-amd64/lib/server/classes.jsa
fff6b000-100000000 rw-p 00000000 00:00 0 
800000000-800002000 rwxp 00001000 08:01 14426131                         /usr/lib/jvm/java-11-openjdk-amd64/lib/server/classes.jsa
800002000-8003b7000 rw-p 00003000 08:01 14426131                         /usr/lib/jvm/java-11-openjdk-amd64/lib/server/classes.jsa
8003b7000-800a97000 r--p 003b8000 08:01 14426131                         /usr/lib/jvm/java-11-openjdk-amd64/lib/server/classes.jsa
800a97000-800a98000 rw-p 00a98000 08:01 14426131                         /usr/lib/jvm/java-11-openjdk-amd64/lib/server/classes.jsa
800a98000-8010a8000 r--p 00a99000 08:01 14426131                         /usr/lib/jvm/java-11-openjdk-amd64/lib/server/classes.jsa
840000000-8402e0000 rw-p 00000000 00:00 0 
8402e0000-880000000 ---p 00000000 00:00 0 
55fc6ea79000-55fc6ea7a000 r-xp 00000000 08:01 14420490                   /usr/lib/jvm/java-11-openjdk-amd64/bin/java
55fc6ec7a000-55fc6ec7b000 r--p 00001000 08:01 14420490                   /usr/lib/jvm/java-11-openjdk-amd64/bin/java
55fc6ec7b000-55fc6ec7c000 rw-p 00002000 08:01 14420490                   /usr/lib/jvm/java-11-openjdk-amd64/bin/java
55fc70c2c000-55fc70c4d000 rw-p 00000000 00:00 0                          [heap]
7f5b70000000-7f5b70261000 rw-p 00000000 00:00 0 
7f5b70261000-7f5b74000000 ---p 00000000 00:00 0 
7f5b74000000-7f5b74021000 rw-p 00000000 00:00 0 
7f5b74021000-7f5b78000000 ---p 00000000 00:00 0 
7f5b78000000-7f5b78021000 rw-p 00000000 00:00 0 
7f5b78021000-7f5b7c000000 ---p 00000000 00:00 0 
7f5b7c000000-7f5b7c021000 rw-p 00000000 00:00 0 
7f5b7c021000-7f5b80000000 ---p 00000000 00:00 0 
7f5b80000000-7f5b80021000 rw-p 00000000 00:00 0 
7f5b80021000-7f5b84000000 ---p 00000000 00:00 0 
7f5b84000000-7f5b84cc6000 rw-p 00000000 00:00 0 
7f5b84cc6000-7f5b88000000 ---p 00000000 00:00 0 
7f5b88000000-7f5b88021000 rw-p 00000000 00:00 0 
7f5b88021000-7f5b8c000000 ---p 00000000 00:00 0 
7f5b8c000000-7f5b8c021000 rw-p 00000000 00:00 0 
7f5b8c021000-7f5b90000000 ---p 00000000 00:00 0 
7f5b90000000-7f5b90e33000 rw-p 00000000 00:00 0 
7f5b90e33000-7f5b94000000 ---p 00000000 00:00 0 
7f5b94000000-7f5b944d2000 rw-p 00000000 00:00 0 
7f5b944d2000-7f5b98000000 ---p 00000000 00:00 0 
7f5b98000000-7f5b98021000 rw-p 00000000 00:00 0 
7f5b98021000-7f5b9c000000 ---p 00000000 00:00 0 
7f5b9c000000-7f5b9c021000 rw-p 00000000 00:00 0 
7f5b9c021000-7f5ba0000000 ---p 00000000 00:00 0 
7f5ba0000000-7f5ba0021000 rw-p 00000000 00:00 0 
7f5ba0021000-7f5ba4000000 ---p 00000000 00:00 0 
7f5ba4000000-7f5ba4021000 rw-p 00000000 00:00 0 
7f5ba4021000-7f5ba8000000 ---p 00000000 00:00 0 
7f5ba8000000-7f5ba8021000 rw-p 00000000 00:00 0 
7f5ba8021000-7f5bac000000 ---p 00000000 00:00 0 
7f5bac000000-7f5bac034000 rw-p 00000000 00:00 0 
7f5bac034000-7f5bb0000000 ---p 00000000 00:00 0 
7f5bb0000000-7f5bb0021000 rw-p 00000000 00:00 0 
7f5bb0021000-7f5bb4000000 ---p 00000000 00:00 0 
7f5bb4000000-7f5bb4021000 rw-p 00000000 00:00 0 
7f5bb4021000-7f5bb8000000 ---p 00000000 00:00 0 
7f5bb80df000-7f5bb82df000 rw-p 00000000 00:00 0 
7f5bb82df000-7f5bb84df000 rw-p 00000000 00:00 0 
7f5bb84df000-7f5bb86df000 rw-p 00000000 00:00 0 
7f5bb86df000-7f5bb88df000 rw-p 00000000 00:00 0 
7f5bb88df000-7f5bb88e0000 ---p 00000000 00:00 0 
7f5bb88e0000-7f5bb8be1000 rw-p 00000000 00:00 0 
7f5bb8be1000-7f5bb8bf8000 r-xp 00000000 08:01 1841350                    /lib/x86_64-linux-gnu/libresolv-2.27.so
7f5bb8bf8000-7f5bb8df8000 ---p 00017000 08:01 1841350                    /lib/x86_64-linux-gnu/libresolv-2.27.so
7f5bb8df8000-7f5bb8df9000 r--p 00017000 08:01 1841350                    /lib/x86_64-linux-gnu/libresolv-2.27.so
7f5bb8df9000-7f5bb8dfa000 rw-p 00018000 08:01 1841350                    /lib/x86_64-linux-gnu/libresolv-2.27.so
7f5bb8dfa000-7f5bb8dfc000 rw-p 00000000 00:00 0 
7f5bb8dfc000-7f5bb8e01000 r-xp 00000000 08:01 1841343                    /lib/x86_64-linux-gnu/libnss_dns-2.27.so
7f5bb8e01000-7f5bb9001000 ---p 00005000 08:01 1841343                    /lib/x86_64-linux-gnu/libnss_dns-2.27.so
7f5bb9001000-7f5bb9002000 r--p 00005000 08:01 1841343                    /lib/x86_64-linux-gnu/libnss_dns-2.27.so
7f5bb9002000-7f5bb9003000 rw-p 00006000 08:01 1841343                    /lib/x86_64-linux-gnu/libnss_dns-2.27.so
7f5bb9003000-7f5bb9005000 r-xp 00000000 08:01 1840353                    /lib/x86_64-linux-gnu/libnss_mdns4_minimal.so.2
7f5bb9005000-7f5bb9204000 ---p 00002000 08:01 1840353                    /lib/x86_64-linux-gnu/libnss_mdns4_minimal.so.2
7f5bb9204000-7f5bb9205000 r--p 00001000 08:01 1840353                    /lib/x86_64-linux-gnu/libnss_mdns4_minimal.so.2
7f5bb9205000-7f5bb9206000 rw-p 00002000 08:01 1840353                    /lib/x86_64-linux-gnu/libnss_mdns4_minimal.so.2
7f5bb92c5000-7f5bb92c9000 ---p 00000000 00:00 0 
7f5bb92c9000-7f5bb93c6000 rw-p 00000000 00:00 0 
7f5bb93c6000-7f5bb93cb000 r-xp 00000000 08:01 14496990                   /usr/lib/jvm/java-11-openjdk-amd64/lib/libmanagement_ext.so
7f5bb93cb000-7f5bb95cb000 ---p 00005000 08:01 14496990                   /usr/lib/jvm/java-11-openjdk-amd64/lib/libmanagement_ext.so
7f5bb95cb000-7f5bb95cc000 r--p 00005000 08:01 14496990                   /usr/lib/jvm/java-11-openjdk-amd64/lib/libmanagement_ext.so
7f5bb95cc000-7f5bb95cd000 rw-p 00006000 08:01 14496990                   /usr/lib/jvm/java-11-openjdk-amd64/lib/libmanagement_ext.so
7f5bb95cd000-7f5bb95d1000 r-xp 00000000 08:01 14496988                   /usr/lib/jvm/java-11-openjdk-amd64/lib/libmanagement.so
7f5bb95d1000-7f5bb97d0000 ---p 00004000 08:01 14496988                   /usr/lib/jvm/java-11-openjdk-amd64/lib/libmanagement.so
7f5bb97d0000-7f5bb97d1000 r--p 00003000 08:01 14496988                   /usr/lib/jvm/java-11-openjdk-amd64/lib/libmanagement.so
7f5bb97d1000-7f5bb97d2000 rw-p 00004000 08:01 14496988                   /usr/lib/jvm/java-11-openjdk-amd64/lib/libmanagement.so
7f5bb97d2000-7f5bb97d3000 ---p 00000000 00:00 0 
7f5bb97d3000-7f5bb98d4000 rw-p 00000000 00:00 0 
7f5bb98d4000-7f5bb98d5000 ---p 00000000 00:00 0 
7f5bb98d5000-7f5bb99d6000 rw-p 00000000 00:00 0 
7f5bb99d6000-7f5bb99da000 ---p 00000000 00:00 0 
7f5bb99da000-7f5bb9ad7000 rw-p 00000000 00:00 0 
7f5bb9ad7000-7f5bb9aed000 r-xp 00000000 08:01 14496992                   /usr/lib/jvm/java-11-openjdk-amd64/lib/libnet.so
7f5bb9aed000-7f5bb9cec000 ---p 00016000 08:01 14496992                   /usr/lib/jvm/java-11-openjdk-amd64/lib/libnet.so
7f5bb9cec000-7f5bb9ced000 r--p 00015000 08:01 14496992                   /usr/lib/jvm/java-11-openjdk-amd64/lib/libnet.so
7f5bb9ced000-7f5bb9cee000 rw-p 00016000 08:01 14496992                   /usr/lib/jvm/java-11-openjdk-amd64/lib/libnet.so
7f5bb9cee000-7f5bb9cfe000 r-xp 00000000 08:01 14496993                   /usr/lib/jvm/java-11-openjdk-amd64/lib/libnio.so
7f5bb9cfe000-7f5bb9efd000 ---p 00010000 08:01 14496993                   /usr/lib/jvm/java-11-openjdk-amd64/lib/libnio.so
7f5bb9efd000-7f5bb9efe000 r--p 0000f000 08:01 14496993                   /usr/lib/jvm/java-11-openjdk-amd64/lib/libnio.so
7f5bb9efe000-7f5bb9eff000 rw-p 00010000 08:01 14496993                   /usr/lib/jvm/java-11-openjdk-amd64/lib/libnio.so
7f5bb9eff000-7f5bb9f03000 ---p 00000000 00:00 0 
7f5bb9f03000-7f5bbc000000 rw-p 00000000 00:00 0 
7f5bbc000000-7f5bbc021000 rw-p 00000000 00:00 0 
7f5bbc021000-7f5bc0000000 ---p 00000000 00:00 0 
7f5bc00bd000-7f5bc00be000 ---p 00000000 00:00 0 
7f5bc00be000-7f5bc01bf000 rw-p 00000000 00:00 0 
7f5bc01bf000-7f5bc01c3000 ---p 00000000 00:00 0 
7f5bc01c3000-7f5bc057c000 rw-p 00000000 00:00 0 
7f5bc057c000-7f5bc2158000 ---p 00000000 00:00 0 
7f5bc2158000-7f5bc241c000 rw-p 00000000 00:00 0 
7f5bc241c000-7f5bc3ff8000 ---p 00000000 00:00 0 
7f5bc3ff8000-7f5bc4000000 rw-p 00000000 00:00 0 
7f5bc4000000-7f5bc4021000 rw-p 00000000 00:00 0 
7f5bc4021000-7f5bc8000000 ---p 00000000 00:00 0 
7f5bc806e000-7f5bc8072000 ---p 00000000 00:00 0 
7f5bc8072000-7f5bc816f000 rw-p 00000000 00:00 0 
7f5bc816f000-7f5bc8173000 ---p 00000000 00:00 0 
7f5bc8173000-7f5bc8270000 rw-p 00000000 00:00 0 
7f5bc8270000-7f5bc8274000 ---p 00000000 00:00 0 
7f5bc8274000-7f5bc8371000 rw-p 00000000 00:00 0 
7f5bc8371000-7f5bc8375000 ---p 00000000 00:00 0 
7f5bc8375000-7f5bc8472000 rw-p 00000000 00:00 0 
7f5bc8472000-7f5bc8752000 r--p 00000000 08:01 14420586                   /usr/lib/locale/locale-archive
7f5bc8752000-7f5bc8756000 ---p 00000000 00:00 0 
7f5bc8756000-7f5bc8853000 rw-p 00000000 00:00 0 
7f5bc8853000-7f5bc8ac3000 rwxp 00000000 00:00 0 
7f5bc8ac3000-7f5bc8de3000 ---p 00000000 00:00 0 
7f5bc8de3000-7f5bc9443000 rwxp 00000000 00:00 0 
7f5bc9443000-7f5bd031b000 ---p 00000000 00:00 0 
7f5bd031b000-7f5bd058b000 rwxp 00000000 00:00 0 
7f5bd058b000-7f5bd7853000 ---p 00000000 00:00 0 
7f5bd7853000-7f5be0000000 r--s 00000000 08:01 14497002                   /usr/lib/jvm/java-11-openjdk-amd64/lib/modules
7f5be0000000-7f5be0c99000 rw-p 00000000 00:00 0 
7f5be0c99000-7f5be4000000 ---p 00000000 00:00 0 
7f5be409b000-7f5be40a2000 r--s 00000000 08:01 134061                     /usr/lib/x86_64-linux-gnu/gconv/gconv-modules.cache
7f5be40a2000-7f5be40c8000 r--p 00000000 08:01 1575532                    /usr/share/locale-langpack/pt_BR/LC_MESSAGES/libc.mo
7f5be40c8000-7f5be40cc000 ---p 00000000 00:00 0 
7f5be40cc000-7f5be41c9000 rw-p 00000000 00:00 0 
7f5be41c9000-7f5be41ca000 ---p 00000000 00:00 0 
7f5be41ca000-7f5be4ba7000 rw-p 00000000 00:00 0 
7f5be4ba7000-7f5be4ba8000 ---p 00000000 00:00 0 
7f5be4ba8000-7f5be4ca9000 rw-p 00000000 00:00 0 
7f5be4ca9000-7f5be4caa000 ---p 00000000 00:00 0 
7f5be4caa000-7f5be51af000 rw-p 00000000 00:00 0 
7f5be51af000-7f5be51b0000 ---p 00000000 00:00 0 
7f5be51b0000-7f5be52b1000 rw-p 00000000 00:00 0 
7f5be52b1000-7f5be52b2000 ---p 00000000 00:00 0 
7f5be52b2000-7f5be540b000 rw-p 00000000 00:00 0 
7f5be540b000-7f5be5786000 ---p 00000000 00:00 0 
7f5be5786000-7f5be57df000 rw-p 00000000 00:00 0 
7f5be57df000-7f5be5b5a000 ---p 00000000 00:00 0 
7f5be5b5a000-7f5be5bb3000 rw-p 00000000 00:00 0 
7f5be5bb3000-7f5be5f2e000 ---p 00000000 00:00 0 
7f5be5f2e000-7f5be6333000 rw-p 00000000 00:00 0 
7f5be6333000-7f5be6334000 ---p 00000000 00:00 0 
7f5be6334000-7f5be643a000 rw-p 00000000 00:00 0 
7f5be643a000-7f5be6520000 ---p 00000000 00:00 0 
7f5be6520000-7f5be652d000 rw-p 00000000 00:00 0 
7f5be652d000-7f5be660b000 ---p 00000000 00:00 0 
7f5be660b000-7f5be6612000 r-xp 00000000 08:01 14497001                   /usr/lib/jvm/java-11-openjdk-amd64/lib/libzip.so
7f5be6612000-7f5be6811000 ---p 00007000 08:01 14497001                   /usr/lib/jvm/java-11-openjdk-amd64/lib/libzip.so
7f5be6811000-7f5be6812000 r--p 00006000 08:01 14497001                   /usr/lib/jvm/java-11-openjdk-amd64/lib/libzip.so
7f5be6812000-7f5be6813000 rw-p 00007000 08:01 14497001                   /usr/lib/jvm/java-11-openjdk-amd64/lib/libzip.so
7f5be6813000-7f5be681e000 r-xp 00000000 08:01 1841344                    /lib/x86_64-linux-gnu/libnss_files-2.27.so
7f5be681e000-7f5be6a1d000 ---p 0000b000 08:01 1841344                    /lib/x86_64-linux-gnu/libnss_files-2.27.so
7f5be6a1d000-7f5be6a1e000 r--p 0000a000 08:01 1841344                    /lib/x86_64-linux-gnu/libnss_files-2.27.so
7f5be6a1e000-7f5be6a1f000 rw-p 0000b000 08:01 1841344                    /lib/x86_64-linux-gnu/libnss_files-2.27.so
7f5be6a1f000-7f5be6a25000 rw-p 00000000 00:00 0 
7f5be6a25000-7f5be6a3c000 r-xp 00000000 08:01 1841341                    /lib/x86_64-linux-gnu/libnsl-2.27.so
7f5be6a3c000-7f5be6c3b000 ---p 00017000 08:01 1841341                    /lib/x86_64-linux-gnu/libnsl-2.27.so
7f5be6c3b000-7f5be6c3c000 r--p 00016000 08:01 1841341                    /lib/x86_64-linux-gnu/libnsl-2.27.so
7f5be6c3c000-7f5be6c3d000 rw-p 00017000 08:01 1841341                    /lib/x86_64-linux-gnu/libnsl-2.27.so
7f5be6c3d000-7f5be6c3f000 rw-p 00000000 00:00 0 
7f5be6c3f000-7f5be6c4a000 r-xp 00000000 08:01 1841346                    /lib/x86_64-linux-gnu/libnss_nis-2.27.so
7f5be6c4a000-7f5be6e49000 ---p 0000b000 08:01 1841346                    /lib/x86_64-linux-gnu/libnss_nis-2.27.so
7f5be6e49000-7f5be6e4a000 r--p 0000a000 08:01 1841346                    /lib/x86_64-linux-gnu/libnss_nis-2.27.so
7f5be6e4a000-7f5be6e4b000 rw-p 0000b000 08:01 1841346                    /lib/x86_64-linux-gnu/libnss_nis-2.27.so
7f5be6e4b000-7f5be6e53000 r-xp 00000000 08:01 1841342                    /lib/x86_64-linux-gnu/libnss_compat-2.27.so
7f5be6e53000-7f5be7053000 ---p 00008000 08:01 1841342                    /lib/x86_64-linux-gnu/libnss_compat-2.27.so
7f5be7053000-7f5be7054000 r--p 00008000 08:01 1841342                    /lib/x86_64-linux-gnu/libnss_compat-2.27.so
7f5be7054000-7f5be7055000 rw-p 00009000 08:01 1841342                    /lib/x86_64-linux-gnu/libnss_compat-2.27.so
7f5be7055000-7f5be705a000 r-xp 00000000 08:01 14496984                   /usr/lib/jvm/java-11-openjdk-amd64/lib/libjimage.so
7f5be705a000-7f5be7259000 ---p 00005000 08:01 14496984                   /usr/lib/jvm/java-11-openjdk-amd64/lib/libjimage.so
7f5be7259000-7f5be725a000 r--p 00004000 08:01 14496984                   /usr/lib/jvm/java-11-openjdk-amd64/lib/libjimage.so
7f5be725a000-7f5be725b000 rw-p 00005000 08:01 14496984                   /usr/lib/jvm/java-11-openjdk-amd64/lib/libjimage.so
7f5be725b000-7f5be7283000 r-xp 00000000 08:01 14496981                   /usr/lib/jvm/java-11-openjdk-amd64/lib/libjava.so
7f5be7283000-7f5be7483000 ---p 00028000 08:01 14496981                   /usr/lib/jvm/java-11-openjdk-amd64/lib/libjava.so
7f5be7483000-7f5be7484000 r--p 00028000 08:01 14496981                   /usr/lib/jvm/java-11-openjdk-amd64/lib/libjava.so
7f5be7484000-7f5be7485000 rw-p 00029000 08:01 14496981                   /usr/lib/jvm/java-11-openjdk-amd64/lib/libjava.so
7f5be7485000-7f5be7486000 rw-p 00000000 00:00 0 
7f5be7486000-7f5be7493000 r-xp 00000000 08:01 14497000                   /usr/lib/jvm/java-11-openjdk-amd64/lib/libverify.so
7f5be7493000-7f5be7692000 ---p 0000d000 08:01 14497000                   /usr/lib/jvm/java-11-openjdk-amd64/lib/libverify.so
7f5be7692000-7f5be7694000 r--p 0000c000 08:01 14497000                   /usr/lib/jvm/java-11-openjdk-amd64/lib/libverify.so
7f5be7694000-7f5be7695000 rw-p 0000e000 08:01 14497000                   /usr/lib/jvm/java-11-openjdk-amd64/lib/libverify.so
7f5be7695000-7f5be769c000 r-xp 00000000 08:01 1841351                    /lib/x86_64-linux-gnu/librt-2.27.so
7f5be769c000-7f5be789b000 ---p 00007000 08:01 1841351                    /lib/x86_64-linux-gnu/librt-2.27.so
7f5be789b000-7f5be789c000 r--p 00006000 08:01 1841351                    /lib/x86_64-linux-gnu/librt-2.27.so
7f5be789c000-7f5be789d000 rw-p 00007000 08:01 1841351                    /lib/x86_64-linux-gnu/librt-2.27.so
7f5be789d000-7f5be78b4000 r-xp 00000000 08:01 1841329                    /lib/x86_64-linux-gnu/libgcc_s.so.1
7f5be78b4000-7f5be7ab3000 ---p 00017000 08:01 1841329                    /lib/x86_64-linux-gnu/libgcc_s.so.1
7f5be7ab3000-7f5be7ab4000 r--p 00016000 08:01 1841329                    /lib/x86_64-linux-gnu/libgcc_s.so.1
7f5be7ab4000-7f5be7ab5000 rw-p 00017000 08:01 1841329                    /lib/x86_64-linux-gnu/libgcc_s.so.1
7f5be7ab5000-7f5be7c52000 r-xp 00000000 08:01 1841338                    /lib/x86_64-linux-gnu/libm-2.27.so
7f5be7c52000-7f5be7e51000 ---p 0019d000 08:01 1841338                    /lib/x86_64-linux-gnu/libm-2.27.so
7f5be7e51000-7f5be7e52000 r--p 0019c000 08:01 1841338                    /lib/x86_64-linux-gnu/libm-2.27.so
7f5be7e52000-7f5be7e53000 rw-p 0019d000 08:01 1841338                    /lib/x86_64-linux-gnu/libm-2.27.so
7f5be7e53000-7f5be7fcc000 r-xp 00000000 08:01 14420114                   /usr/lib/x86_64-linux-gnu/libstdc++.so.6.0.25
7f5be7fcc000-7f5be81cc000 ---p 00179000 08:01 14420114                   /usr/lib/x86_64-linux-gnu/libstdc++.so.6.0.25
7f5be81cc000-7f5be81d6000 r--p 00179000 08:01 14420114                   /usr/lib/x86_64-linux-gnu/libstdc++.so.6.0.25
7f5be81d6000-7f5be81d8000 rw-p 00183000 08:01 14420114                   /usr/lib/x86_64-linux-gnu/libstdc++.so.6.0.25
7f5be81d8000-7f5be81dc000 rw-p 00000000 00:00 0 
7f5be81dc000-7f5be92ce000 r-xp 00000000 08:01 14497005                   /usr/lib/jvm/java-11-openjdk-amd64/lib/server/libjvm.so
7f5be92ce000-7f5be94cd000 ---p 010f2000 08:01 14497005                   /usr/lib/jvm/java-11-openjdk-amd64/lib/server/libjvm.so
7f5be94cd000-7f5be9591000 r--p 010f1000 08:01 14497005                   /usr/lib/jvm/java-11-openjdk-amd64/lib/server/libjvm.so
7f5be9591000-7f5be95cc000 rw-p 011b5000 08:01 14497005                   /usr/lib/jvm/java-11-openjdk-amd64/lib/server/libjvm.so
7f5be95cc000-7f5be9623000 rw-p 00000000 00:00 0 
7f5be9623000-7f5be963d000 r-xp 00000000 08:01 1841349                    /lib/x86_64-linux-gnu/libpthread-2.27.so
7f5be963d000-7f5be983c000 ---p 0001a000 08:01 1841349                    /lib/x86_64-linux-gnu/libpthread-2.27.so
7f5be983c000-7f5be983d000 r--p 00019000 08:01 1841349                    /lib/x86_64-linux-gnu/libpthread-2.27.so
7f5be983d000-7f5be983e000 rw-p 0001a000 08:01 1841349                    /lib/x86_64-linux-gnu/libpthread-2.27.so
7f5be983e000-7f5be9842000 rw-p 00000000 00:00 0 
7f5be9842000-7f5be9845000 r-xp 00000000 08:01 1841337                    /lib/x86_64-linux-gnu/libdl-2.27.so
7f5be9845000-7f5be9a44000 ---p 00003000 08:01 1841337                    /lib/x86_64-linux-gnu/libdl-2.27.so
7f5be9a44000-7f5be9a45000 r--p 00002000 08:01 1841337                    /lib/x86_64-linux-gnu/libdl-2.27.so
7f5be9a45000-7f5be9a46000 rw-p 00003000 08:01 1841337                    /lib/x86_64-linux-gnu/libdl-2.27.so
7f5be9a46000-7f5be9a62000 r-xp 00000000 08:01 1840429                    /lib/x86_64-linux-gnu/libz.so.1.2.11
7f5be9a62000-7f5be9c61000 ---p 0001c000 08:01 1840429                    /lib/x86_64-linux-gnu/libz.so.1.2.11
7f5be9c61000-7f5be9c62000 r--p 0001b000 08:01 1840429                    /lib/x86_64-linux-gnu/libz.so.1.2.11
7f5be9c62000-7f5be9c63000 rw-p 0001c000 08:01 1840429                    /lib/x86_64-linux-gnu/libz.so.1.2.11
7f5be9c63000-7f5be9e4a000 r-xp 00000000 08:01 1841334                    /lib/x86_64-linux-gnu/libc-2.27.so
7f5be9e4a000-7f5bea04a000 ---p 001e7000 08:01 1841334                    /lib/x86_64-linux-gnu/libc-2.27.so
7f5bea04a000-7f5bea04e000 r--p 001e7000 08:01 1841334                    /lib/x86_64-linux-gnu/libc-2.27.so
7f5bea04e000-7f5bea050000 rw-p 001eb000 08:01 1841334                    /lib/x86_64-linux-gnu/libc-2.27.so
7f5bea050000-7f5bea054000 rw-p 00000000 00:00 0 
7f5bea054000-7f5bea063000 r-xp 00000000 08:01 14496966                   /usr/lib/jvm/java-11-openjdk-amd64/lib/jli/libjli.so
7f5bea063000-7f5bea262000 ---p 0000f000 08:01 14496966                   /usr/lib/jvm/java-11-openjdk-amd64/lib/jli/libjli.so
7f5bea262000-7f5bea263000 r--p 0000e000 08:01 14496966                   /usr/lib/jvm/java-11-openjdk-amd64/lib/jli/libjli.so
7f5bea263000-7f5bea264000 rw-p 0000f000 08:01 14496966                   /usr/lib/jvm/java-11-openjdk-amd64/lib/jli/libjli.so
7f5bea264000-7f5bea28b000 r-xp 00000000 08:01 1841330                    /lib/x86_64-linux-gnu/ld-2.27.so
7f5bea290000-7f5bea36d000 rw-p 00000000 00:00 0 
7f5bea36d000-7f5bea371000 ---p 00000000 00:00 0 
7f5bea371000-7f5bea470000 rw-p 00000000 00:00 0 
7f5bea471000-7f5bea476000 rw-p 00000000 00:00 0 
7f5bea476000-7f5bea47d000 ---p 00000000 00:00 0 
7f5bea47d000-7f5bea47f000 r--s 00007000 08:01 397239                     /usr/share/java/java-atk-wrapper.jar
7f5bea47f000-7f5bea487000 rw-s 00000000 08:01 13381413                   /tmp/hsperfdata_guilherme/26014
7f5bea487000-7f5bea488000 ---p 00000000 00:00 0 
7f5bea488000-7f5bea489000 r--p 00000000 00:00 0 
7f5bea489000-7f5bea48b000 rw-p 00000000 00:00 0 
7f5bea48b000-7f5bea48c000 r--p 00027000 08:01 1841330                    /lib/x86_64-linux-gnu/ld-2.27.so
7f5bea48c000-7f5bea48d000 rw-p 00028000 08:01 1841330                    /lib/x86_64-linux-gnu/ld-2.27.so
7f5bea48d000-7f5bea48e000 rw-p 00000000 00:00 0 
7ffe5da63000-7ffe5da86000 rw-p 00000000 00:00 0                          [stack]
7ffe5dafc000-7ffe5daff000 r--p 00000000 00:00 0                          [vvar]
7ffe5daff000-7ffe5db00000 r-xp 00000000 00:00 0                          [vdso]
ffffffffff600000-ffffffffff601000 --xp 00000000 00:00 0                  [vsyscall]


VM Arguments:
jvm_args: -Dfile.encoding=UTF-8 
java_command: com.example.webdelivery.DemoApplication
java_class_path (initial): /home/guilherme/eclipse-workspace/webdelivery/target/classes:/snap/eclipse/48/plugins/org.junit_4.12.0.v201504281640/junit.jar:/snap/eclipse/48/plugins/org.hamcrest.core_1.3.0.v20180420-1519.jar:/home/guilherme/.m2/repository/org/springframework/boot/spring-boot-starter-data-jpa/2.6.1/spring-boot-starter-data-jpa-2.6.1.jar:/home/guilherme/.m2/repository/org/springframework/boot/spring-boot-starter-aop/2.6.1/spring-boot-starter-aop-2.6.1.jar:/home/guilherme/.m2/repository/org/springframework/spring-aop/5.3.13/spring-aop-5.3.13.jar:/home/guilherme/.m2/repository/org/aspectj/aspectjweaver/1.9.7/aspectjweaver-1.9.7.jar:/home/guilherme/.m2/repository/org/springframework/boot/spring-boot-starter-jdbc/2.6.1/spring-boot-starter-jdbc-2.6.1.jar:/home/guilherme/.m2/repository/com/zaxxer/HikariCP/4.0.3/HikariCP-4.0.3.jar:/home/guilherme/.m2/repository/org/springframework/spring-jdbc/5.3.13/spring-jdbc-5.3.13.jar:/home/guilherme/.m2/repository/jakarta/transaction/jakarta.transaction-api/1.3.3/jakarta.transaction-api-1.3.3.jar:/home/guilherme/.m2/repository/jakarta/persistence/jakarta.persistence-api/2.2.3/jakarta.persistence-api-2.2.3.jar:/home/guilherme/.m2/repository/org/hibernate/hibernate-core/5.6.1.Final/hibernate-core-5.6.1.Final.jar:/home/guilherme/.m2/repository/org/jboss/logging/jboss-logging/3.4.2.Final/jboss-logging-3.4.2.Final.jar:/home/guilherme/.m2/repository/net/bytebuddy/byte-buddy/1.11.22/byte-buddy-1.11.22.jar:/home/guilherme/.m2/repository/antlr/antlr/2.7.7/antlr-2.7.7.jar:/home/guilherme/.m2/repository/org/jboss/jandex/2.2.3.Final/jandex-2.2.3.Final.jar:/home/guilherme/.m2/repository/org/hibernate/common/hibernate-commons-annotations/5.1.2.Final/hibernate-commons-annotations-5.1.2.Final.jar:/home/guilherme/.m2/repository/org/glassfish/jaxb/jaxb-runtime/2.3.5/jaxb-runtime-2.3.5.jar:/home/guilherme/.m2/repository/org/glassfish/jaxb/txw2/2.3.5/txw2-2.3.5.jar:/home/guilherme/.m2/repository/com/sun/istack/istack-commons-runtime/3.0.12/
Launcher Type: SUN_STANDARD

[Global flags]
     intx CICompilerCount                          = 3                                         {product} {ergonomic}
     uint ConcGCThreads                            = 1                                         {product} {ergonomic}
     uint G1ConcRefinementThreads                  = 4                                         {product} {ergonomic}
   size_t G1HeapRegionSize                         = 1048576                                   {product} {ergonomic}
    uintx GCDrainStackTargetSize                   = 64                                        {product} {ergonomic}
   size_t InitialHeapSize                          = 130023424                                 {product} {ergonomic}
   size_t MarkStackSize                            = 4194304                                   {product} {ergonomic}
   size_t MaxHeapSize                              = 2055208960                                {product} {ergonomic}
   size_t MaxNewSize                               = 1233125376                                {product} {ergonomic}
   size_t MinHeapDeltaBytes                        = 1048576                                   {product} {ergonomic}
    uintx NonNMethodCodeHeapSize                   = 5830732                                {pd product} {ergonomic}
    uintx NonProfiledCodeHeapSize                  = 122913754                              {pd product} {ergonomic}
    uintx ProfiledCodeHeapSize                     = 122913754                              {pd product} {ergonomic}
    uintx ReservedCodeCacheSize                    = 251658240                              {pd product} {ergonomic}
     bool SegmentedCodeCache                       = true                                      {product} {ergonomic}
     bool UseCompressedClassPointers               = true                                 {lp64_product} {ergonomic}
     bool UseCompressedOops                        = true                                 {lp64_product} {ergonomic}
     bool UseG1GC                                  = true                                      {product} {ergonomic}

Logging:
Log output configuration:
 #0: stdout all=warning uptime,level,tags
 #1: stderr all=off uptime,level,tags

Environment Variables:
JAVA_HOME=/usr/lib/jvm/java-11-openjdk-amd64
PATH=/bin:/usr/local/sbin:/usr/local/bin:/usr/sbin:/usr/bin:/sbin:/bin:/usr/games:/usr/local/games:/snap/binoop:/snap/bin:/home/guilherme/.dotnet/tools:/home/guilherme/bin:/usr/lib/jvm/java-11-openjdk-amd64/bin
USERNAME=guilherme
SHELL=/bin/bash
DISPLAY=:0
LANG=pt_BR.UTF-8

Signal Handlers:
SIGSEGV: [libjvm.so+0xe24690], sa_mask[0]=11111111011111111101111111111110, sa_flags=SA_RESTART|SA_SIGINFO
SIGBUS: [libjvm.so+0xe24690], sa_mask[0]=11111111011111111101111111111110, sa_flags=SA_RESTART|SA_SIGINFO
SIGFPE: [libjvm.so+0xe24690], sa_mask[0]=11111111011111111101111111111110, sa_flags=SA_RESTART|SA_SIGINFO
SIGPIPE: [libjvm.so+0xb7a7f0], sa_mask[0]=11111111011111111101111111111110, sa_flags=SA_RESTART|SA_SIGINFO
SIGXFSZ: [libjvm.so+0xb7a7f0], sa_mask[0]=11111111011111111101111111111110, sa_flags=SA_RESTART|SA_SIGINFO
SIGILL: [libjvm.so+0xe24690], sa_mask[0]=11111111011111111101111111111110, sa_flags=SA_RESTART|SA_SIGINFO
SIGUSR2: [libjvm.so+0xb7a680], sa_mask[0]=00100000000000000000000000000000, sa_flags=SA_RESTART|SA_SIGINFO
SIGHUP: [libjvm.so+0xb7ab40], sa_mask[0]=11111111011111111101111111111110, sa_flags=SA_RESTART|SA_SIGINFO
SIGINT: [libjvm.so+0xb7ab40], sa_mask[0]=11111111011111111101111111111110, sa_flags=SA_RESTART|SA_SIGINFO
SIGTERM: [libjvm.so+0xb7ab40], sa_mask[0]=11111111011111111101111111111110, sa_flags=SA_RESTART|SA_SIGINFO
SIGQUIT: [libjvm.so+0xb7ab40], sa_mask[0]=11111111011111111101111111111110, sa_flags=SA_RESTART|SA_SIGINFO


---------------  S Y S T E M  ---------------

OS:DISTRIB_ID=Ubuntu
DISTRIB_RELEASE=18.04
DISTRIB_CODENAME=bionic
DISTRIB_DESCRIPTION="Ubuntu 18.04.5 LTS"
uname:Linux 5.4.0-92-generic #103~18.04.2-Ubuntu SMP Wed Dec 1 16:50:36 UTC 2021 x86_64
OS uptime: 0 days 3:48 hours
libc:glibc 2.27 NPTL 2.27 
rlimit (soft/hard): STACK 8192k/infinity , CORE 0k/infinity , NPROC 31155/31155 , NOFILE 1048576/1048576 , AS infinity/infinity , CPU infinity/infinity , DATA infinity/infinity , FSIZE infinity/infinity , MEMLOCK 65536k/65536k
load average:4,14 3,50 2,97

/proc/meminfo:
MemTotal:        8025788 kB
MemFree:          691428 kB
MemAvailable:    1356436 kB
Buffers:           79524 kB
Cached:          1643824 kB
SwapCached:         7600 kB
Active:          5240260 kB
Inactive:        1529788 kB
Active(anon):    4675988 kB
Inactive(anon):  1259400 kB
Active(file):     564272 kB
Inactive(file):   270388 kB
Unevictable:       63292 kB
Mlocked:             112 kB
SwapTotal:       2097148 kB
SwapFree:        1912572 kB
Dirty:               732 kB
Writeback:             0 kB
AnonPages:       5104204 kB
Mapped:          1005768 kB
Shmem:            911164 kB
KReclaimable:     103264 kB
Slab:             286424 kB
SReclaimable:     103264 kB
SUnreclaim:       183160 kB
KernelStack:       27616 kB
PageTables:       106136 kB
NFS_Unstable:          0 kB
Bounce:                0 kB
WritebackTmp:          0 kB
CommitLimit:     6110040 kB
Committed_AS:   20316092 kB
VmallocTotal:   34359738367 kB
VmallocUsed:       49772 kB
VmallocChunk:          0 kB
Percpu:             8544 kB
HardwareCorrupted:     0 kB
AnonHugePages:      6144 kB
ShmemHugePages:        0 kB
ShmemPmdMapped:        0 kB
FileHugePages:         0 kB
FilePmdMapped:         0 kB
CmaTotal:              0 kB
CmaFree:               0 kB
HugePages_Total:       0
HugePages_Free:        0
HugePages_Rsvd:        0
HugePages_Surp:        0
Hugepagesize:       2048 kB
Hugetlb:               0 kB
DirectMap4k:      502912 kB
DirectMap2M:     7763968 kB

/sys/kernel/mm/transparent_hugepage/enabled:
always [madvise] never
/sys/kernel/mm/transparent_hugepage/defrag (defrag/compaction efforts parameter):
always defer defer+madvise [madvise] never

Process Memory:
Virtual Size: 5072988K (peak: 13473944K)
Resident Set Size: 225488K (peak: 225488K) (anon: 197452K, file: 28036K, shmem: 0K)
Swapped out: 0K
C-Heap outstanding allocations: 38467K

/proc/sys/kernel/threads-max (system-wide limit on the number of threads):
62311
/proc/sys/vm/max_map_count (maximum number of memory map areas a process may have):
65530
/proc/sys/kernel/pid_max (system-wide limit on number of process identifiers):
32768

container (cgroup) information:
container_type: cgroupv1
cpu_cpuset_cpus: 0-3
cpu_memory_nodes: 0
active_processor_count: 4
cpu_quota: -1
cpu_period: 100000
cpu_shares: -1
memory_limit_in_bytes: -1
memory_and_swap_limit_in_bytes: -2
memory_soft_limit_in_bytes: -1
memory_usage_in_bytes: 5970006016
memory_max_usage_in_bytes: 6568136704

Steal ticks since vm start: 0
Steal ticks percentage since vm start:  0,000

CPU:total 4 (initial active 4) (2 cores per cpu, 2 threads per core) family 6 model 58 stepping 9 microcode 0x21, cmov, cx8, fxsr, mmx, sse, sse2, sse3, ssse3, sse4.1, sse4.2, popcnt, avx, aes, clmul, erms, ht, tsc, tscinvbit, tscinv
CPU Model and flags from /proc/cpuinfo:
model name	: Intel(R) Core(TM) i5-3210M CPU @ 2.50GHz
flags		: fpu vme de pse tsc msr pae mce cx8 apic sep mtrr pge mca cmov pat pse36 clflush dts acpi mmx fxsr sse sse2 ss ht tm pbe syscall nx rdtscp lm constant_tsc arch_perfmon pebs bts rep_good nopl xtopology nonstop_tsc cpuid aperfmperf pni pclmulqdq dtes64 monitor ds_cpl vmx est tm2 ssse3 cx16 xtpr pdcm pcid sse4_1 sse4_2 x2apic popcnt tsc_deadline_timer aes xsave avx f16c rdrand lahf_lm cpuid_fault epb pti ssbd ibrs ibpb stibp tpr_shadow vnmi flexpriority ept vpid fsgsbase smep erms xsaveopt dtherm ida arat pln pts md_clear flush_l1d
Online cpus:
0-3
Offline cpus:
4-7
BIOS frequency limitation:
<Not Available>
Frequency switch latency (ns):
0
Available cpu frequencies:
<Not Available>
Current governor:
powersave
Core performance/turbo boost:
<Not Available>

Memory: 4k page, physical 8025788k(691428k free), swap 2097148k(1912572k free)

vm_info: OpenJDK 64-Bit Server VM (11.0.13+8-Ubuntu-0ubuntu1.18.04) for linux-amd64 JRE (11.0.13+8-Ubuntu-0ubuntu1.18.04), built on Oct 29 2021 09:11:30 by "unknown" with gcc 8.4.0

END.
